1591526194.873951|TB|Force show Touch Bar|
1591526194.898015|SWI|PID MISMATCH FIX|
1591526290.811347|SLEEP|WILLSLEEP|
1591526293.447129|SWI|PID MISMATCH FIX|
1591526295.445395|SWI|PID MISMATCH FIX|
1591526296.832535|SWI|PID MISMATCH FIX|
1591526298.946133|SWI|PID MISMATCH FIX|
1591526301.446001|SWI|PID MISMATCH FIX|
1591526302.930727|SWI|PID MISMATCH FIX|
1591526304.946737|SWI|PID MISMATCH FIX|
1591526307.437783|SWI|PID MISMATCH FIX|
1591526309.438380|SWI|PID MISMATCH FIX|
1591526310.947180|SWI|PID MISMATCH FIX|
1591526322.001711|SWI|PID MISMATCH FIX|
1591526323.956826|SWI|PID MISMATCH FIX|
1591526324.205537|lic|newest date 2018-04-18 22:59:56 +0000|
1591526324.205558|lic|lict 16576476-chre8b5a37ede5b-d738b02e1f|
1591526325.883865|SWI|PID MISMATCH FIX|
1591526327.883808|SWI|PID MISMATCH FIX|
1591526330.868471|SWI|PID MISMATCH FIX|
1591526332.126734|SWI|PID MISMATCH FIX|
1591526334.630913|SWI|PID MISMATCH FIX|
1591526336.869544|SWI|PID MISMATCH FIX|
1591526338.378019|SWI|PID MISMATCH FIX|
1591526340.869984|SWI|PID MISMATCH FIX|
1591526342.411917|SWI|PID MISMATCH FIX|
1591526344.870585|SWI|PID MISMATCH FIX|
1591526346.870702|SWI|PID MISMATCH FIX|
1591526348.871437|SWI|PID MISMATCH FIX|
1591526350.383459|SWI|PID MISMATCH FIX|
1591526352.879671|SWI|PID MISMATCH FIX|
1591526353.883318|SWI|PID MISMATCH FIX|
1591526356.357181|SWI|PID MISMATCH FIX|
1591526358.854004|SWI|PID MISMATCH FIX|
1591526360.881998|SWI|PID MISMATCH FIX|
1591526362.353184|SWI|PID MISMATCH FIX|
1591526364.860999|SWI|PID MISMATCH FIX|
1591526366.252375|SWI|PID MISMATCH FIX|
1591526368.352264|SWI|PID MISMATCH FIX|
1591526370.036561|SWI|PID MISMATCH FIX|
1591526372.365346|SWI|PID MISMATCH FIX|
1591526374.252015|SWI|PID MISMATCH FIX|
1591528657.597123|SWI|PID MISMATCH FIX|
1591528658.676752|SWI|PID MISMATCH FIX|
1591528660.749872|SWI|PID MISMATCH FIX|
1591528663.577521|SWI|PID MISMATCH FIX|
1591528665.590281|SWI|PID MISMATCH FIX|
1591528667.069816|SWI|PID MISMATCH FIX|
1591528668.599014|SWI|PID MISMATCH FIX|
1591528670.599027|SWI|PID MISMATCH FIX|
1591528673.519694|lic|newest date 2018-04-18 22:59:56 +0000|
1591528673.519746|lic|lict 16576476-chre8b5a37ede5b-d738b02e1f|
1591528673.923344|SWI|PID MISMATCH FIX|
1591528676.916211|SWI|PID MISMATCH FIX|
1591528678.895315|SWI|PID MISMATCH FIX|
1591528680.398062|SWI|PID MISMATCH FIX|
1591528682.254748|SWI|PID MISMATCH FIX|
1591528684.405731|SWI|PID MISMATCH FIX|
1591528686.402926|SWI|PID MISMATCH FIX|
1591528688.671573|SWI|PID MISMATCH FIX|
1591528690.897625|SWI|PID MISMATCH FIX|
1591528692.414857|SWI|PID MISMATCH FIX|
1591528694.904638|SWI|PID MISMATCH FIX|
1591528696.894180|SWI|PID MISMATCH FIX|
1591528698.391835|SWI|PID MISMATCH FIX|
1591528700.890461|SWI|PID MISMATCH FIX|
1591528702.902546|SWI|PID MISMATCH FIX|
1591528704.418553|SWI|PID MISMATCH FIX|
1591528706.647308|SWI|PID MISMATCH FIX|
1591528708.451044|SWI|PID MISMATCH FIX|
1591528710.415279|SWI|PID MISMATCH FIX|
1591528712.894284|SWI|PID MISMATCH FIX|
1591528714.405364|SWI|PID MISMATCH FIX|
1591528716.393963|SWI|PID MISMATCH FIX|
1591528718.894412|SWI|PID MISMATCH FIX|
1591528720.906219|SWI|PID MISMATCH FIX|
1591528722.409510|SWI|PID MISMATCH FIX|
1591528724.641539|SWI|PID MISMATCH FIX|
1591528725.968646|SWI|PID MISMATCH FIX|
1591528728.392626|SWI|PID MISMATCH FIX|
1591528729.921861|SWI|PID MISMATCH FIX|
1591528732.918942|SWI|PID MISMATCH FIX|
1591531337.001882|SWI|PID MISMATCH FIX|
1591531348.263894|LAUNCH|DIDLaunch START NSConcreteNotification 0x60000217c270 {name = NSApplicationDidFinishLaunchingNotification; object = <BTTApplication: 0x60000185c000>; userInfo = {
    NSApplicationLaunchIsDefaultLaunchKey = 1;
}}|
1591531348.338325|SYS|Running on macOS: 10.15.4|
1591531348.338432|SYS|BTT Version: 3.373|
1591531348.338526|SYS|Device: MacBookPro11,3|
1591531348.651586|usage|loading todays usage|
1591531348.697941|short|init|
1591531348.796449|STORE|The store already exists in udefs|
1591531348.796748|xw|the new store already exists btt_data_store.version_3_373_build_1597|
1591531348.839963|migrate|fixing uuids2|
1591531348.854213|LIC|idate 2016-01-24 12:51:40 +0000|
1591531348.874304|LIC|closing previous instance of BetterTouchTool relaunch|
1591531348.897342|LIC|license appears to be valid|
1591531348.900330|LIC|license dictionary {
    CheckoutName = "Michael Scherer";
    Email = "spam-blocker@gmx.net";
    LicenseType = "paddle_lifetime";
    Licenses = 1;
    Name = "Michael Scherer";
    OrderID = b22c945b76473aff2d59feea1bd141aa;
    Product = BetterTouchTool;
    Signature = {length = 128, bytes = 0xb740ade0 58fb5aa0 7c34d5b7 28cfa69b ... e80c9f54 67253091 };
    Timestamp = 1524092396;
    TransactionID = "16576476-chre8b5a37ede5b-d738b02e1f";
}|
1591531348.900512|LIC|systemdate 2018-04-18 22:59:56 +0000|
1591531348.900552|LIC|using date 1524092396|
1591531348.903236|LIC|license appears to be valid|
1591531348.905698|LIC|license dictionary {
    CheckoutName = "Michael Scherer";
    Email = "spam-blocker@gmx.net";
    LicenseType = "paddle_lifetime";
    Licenses = 1;
    Name = "Michael Scherer";
    OrderID = b22c945b76473aff2d59feea1bd141aa;
    Product = BetterTouchTool;
    Signature = {length = 128, bytes = 0xb740ade0 58fb5aa0 7c34d5b7 28cfa69b ... e80c9f54 67253091 };
    Timestamp = 1524092396;
    TransactionID = "16576476-chre8b5a37ede5b-d738b02e1f";
}|
1591531348.905823|LIC|systemdate 2018-04-18 22:59:56 +0000|
1591531348.905865|lic|newest date 2018-04-18 22:59:56 +0000|
1591531348.905884|lic|lict 16576476-chre8b5a37ede5b-d738b02e1f|
1591531348.915935|lic|newest date 2018-04-18 22:59:56 +0000|
1591531348.915979|lic|lict 16576476-chre8b5a37ede5b-d738b02e1f|
1591531348.916355|LIC|License is valid for this version|
1591531348.934495|lic|newest date 2018-04-18 22:59:56 +0000|
1591531348.934563|lic|lict 16576476-chre8b5a37ede5b-d738b02e1f|
1591531349.081213|PERM|Can record screen 1|
1591531349.081489|xw|is trusted|
1591531349.173355|short|call sharedInstance4|
1591531349.366054|TB|touchbar screen size {1085, 30}|
1591531349.373882|M|mt_stop10|
1591531354.299727|lic|newest date 2018-04-18 22:59:56 +0000|
1591531354.299895|lic|lict 16576476-chre8b5a37ede5b-d738b02e1f|
1591531354.318375|START|TB VISIBLE 0|
1591531354.318469|START|TB FORCED HIDDEN 0|
1591531354.432401|lic|newest date 2018-04-18 22:59:56 +0000|
1591531354.432475|lic|lict 16576476-chre8b5a37ede5b-d738b02e1f|
1591531354.446705|LAUNCH|DIDLaunch END frontmostApp: com.apple.loginwindow, touchpadMode 0, windowSnappingDisabled 0, singleFingerScrollingDisabled 0, mmScrollingUsed 0, tpScrollingUsed 0, tpPinchUsed 0, tpRotateUsed 0|
1591531354.683118|script|init|
1591531354.683453|NAMED|jstest|
1591531354.740658|lic|newest date 2018-04-18 22:59:56 +0000|
1591531354.740735|lic|lict 16576476-chre8b5a37ede5b-d738b02e1f|
1591531354.817381|SLEEP|FORCESHOWAFTERSLEEP2|
1591531354.817488|TB|Force show Touch Bar|
1591531354.822524|M|register internal trackpad 0x0300000014400000,0x65|
1591531354.871077|STDEV|65|
1591531354.883844|short|eventtap success|
1591531358.290156|M|mt_stop2|
1591531358.291729|TB|PresentationMode appWithControlStrip (null)|
1591531358.340598|lic|newest date 2018-04-18 22:59:56 +0000|
1591531358.340672|lic|lict 16576476-chre8b5a37ede5b-d738b02e1f|
1591531359.426289|ASL|Bonjour Service Published: domain(local.) type(_bttremote._tcp.) name(intrepid) port(59176)|
1591531360.112235|SLEEP|FORCESHOWAFTERSLEEP3B|
1591531360.112330|TB|Force show Touch Bar|
1591531360.114678|M|unregister internal trackpad|
1591531360.119364|M|register internal trackpad 0x0300000014400000,0x65|
1591531360.167326|STDEV|65|
1591531360.469830|xw|disabling touch for internal trackpad (clamshell)|
1591532411.001570|SYS|USB DEVICE DISCONNECTED|
1591532411.882186|LAUNCH|DIDLaunch START NSConcreteNotification 0x600002e26460 {name = NSApplicationDidFinishLaunchingNotification; object = <BTTApplication: 0x600001714000>; userInfo = {
    NSApplicationLaunchIsDefaultLaunchKey = 1;
}}|
1591532411.907219|SYS|Running on macOS: 10.15.4|
1591532411.907254|SYS|BTT Version: 3.373|
1591532411.907298|SYS|Device: MacBookPro11,3|
1591532411.983305|usage|loading todays usage|
1591532411.994388|short|init|
1591532412.035269|STORE|The store already exists in udefs|
1591532412.035359|xw|the new store already exists btt_data_store.version_3_373_build_1597|
1591532412.046899|migrate|fixing uuids2|
1591532412.050926|LIC|idate 2016-01-24 12:51:40 +0000|
1591532412.058161|LIC|closing previous instance of BetterTouchTool relaunch|
1591532412.065065|LIC|license appears to be valid|
1591532412.066063|LIC|license dictionary {
    CheckoutName = "Michael Scherer";
    Email = "spam-blocker@gmx.net";
    LicenseType = "paddle_lifetime";
    Licenses = 1;
    Name = "Michael Scherer";
    OrderID = b22c945b76473aff2d59feea1bd141aa;
    Product = BetterTouchTool;
    Signature = {length = 128, bytes = 0xb740ade0 58fb5aa0 7c34d5b7 28cfa69b ... e80c9f54 67253091 };
    Timestamp = 1524092396;
    TransactionID = "16576476-chre8b5a37ede5b-d738b02e1f";
}|
1591532412.066132|LIC|systemdate 2018-04-18 22:59:56 +0000|
1591532412.066142|LIC|using date 1524092396|
1591532412.067117|LIC|license appears to be valid|
1591532412.068083|LIC|license dictionary {
    CheckoutName = "Michael Scherer";
    Email = "spam-blocker@gmx.net";
    LicenseType = "paddle_lifetime";
    Licenses = 1;
    Name = "Michael Scherer";
    OrderID = b22c945b76473aff2d59feea1bd141aa;
    Product = BetterTouchTool;
    Signature = {length = 128, bytes = 0xb740ade0 58fb5aa0 7c34d5b7 28cfa69b ... e80c9f54 67253091 };
    Timestamp = 1524092396;
    TransactionID = "16576476-chre8b5a37ede5b-d738b02e1f";
}|
1591532412.068154|LIC|systemdate 2018-04-18 22:59:56 +0000|
1591532412.068179|lic|newest date 2018-04-18 22:59:56 +0000|
1591532412.068187|lic|lict 16576476-chre8b5a37ede5b-d738b02e1f|
1591532412.072212|lic|newest date 2018-04-18 22:59:56 +0000|
1591532412.072237|lic|lict 16576476-chre8b5a37ede5b-d738b02e1f|
1591532412.072407|LIC|License is valid for this version|
1591532412.078714|lic|newest date 2018-04-18 22:59:56 +0000|
1591532412.078734|lic|lict 16576476-chre8b5a37ede5b-d738b02e1f|
1591532412.087461|lic|newest date 2018-04-18 22:59:56 +0000|
1591532412.087482|lic|lict 16576476-chre8b5a37ede5b-d738b02e1f|
1591532412.136153|PERM|Can record screen 1|
1591532412.136268|xw|is trusted|
1591532412.159618|short|call sharedInstance4|
1591532413.366935|TB|touchbar screen size {1085, 30}|
1591532413.371530|M|mt_stop10|
1591532414.170619|lic|newest date 2018-04-18 22:59:56 +0000|
1591532414.170646|lic|lict 16576476-chre8b5a37ede5b-d738b02e1f|
1591532414.173701|START|TB VISIBLE 0|
1591532414.173722|START|TB FORCED HIDDEN 0|
1591532414.179642|LAUNCH|DIDLaunch END frontmostApp: com.apple.loginwindow, touchpadMode 0, windowSnappingDisabled 0, singleFingerScrollingDisabled 0, mmScrollingUsed 0, tpScrollingUsed 0, tpPinchUsed 0, tpRotateUsed 0|
1591532414.213426|script|init|
1591532414.213496|NAMED|jstest|
1591532414.224416|lic|newest date 2018-04-18 22:59:56 +0000|
1591532414.224435|lic|lict 16576476-chre8b5a37ede5b-d738b02e1f|
1591532415.054174|M|mt_stop2|
1591532415.054332|SLEEP|FORCESHOWAFTERSLEEP2|
1591532415.054362|TB|Force show Touch Bar|
1591532415.054777|M|register internal trackpad 0x0300000014400000,0x65|
1591532415.101682|STDEV|65|
1591532415.105041|short|eventtap success|
1591532415.258099|TB|PresentationMode appWithControlStrip (null)|
1591532415.407820|SLEEP|FORCESHOWAFTERSLEEP3B|
1591532415.407848|TB|Force show Touch Bar|
1591532415.408236|M|unregister internal trackpad|
1591532415.408903|M|register internal trackpad 0x0300000014400000,0x65|
1591532415.421077|STDEV|65|
1591532415.836431|ASL|Bonjour Service Published: domain(local.) type(_bttremote._tcp.) name(intrepid) port(59176)|
1591532417.349477|xw|disabling touch for internal trackpad (clamshell)|
1591532417.668116|lic|newest date 2018-04-18 22:59:56 +0000|
1591532417.668137|lic|lict 16576476-chre8b5a37ede5b-d738b02e1f|
1591532421.200190|SEC|SecureInputActive com.apple.loginwindow 255|
1591532421.250994|TB|Force show Touch Bar|
1591532421.321874|SEC|SecureInputDisabled com.apple.loginwindow|
1591532421.537052|xw|enabling touch for internal trackpad (after clamshell)|
1591532431.857732|SWI|PID MISMATCH FIX|
1591532477.770752|SWI|PID MISMATCH FIX|
1591532500.999176|SYS|USB DEVICE DISCONNECTED|
1591532503.734084|M|mt_stop2|
1591532503.736297|M|unregister internal trackpad|
1591532503.737110|M|register internal trackpad 0x0300000014400000,0x65|
1591532503.781655|STDEV|65|
1591533012.670009|lic|newest date 2018-04-18 22:59:56 +0000|
1591533012.670034|lic|lict 16576476-chre8b5a37ede5b-d738b02e1f|
1591533636.123568|WISNA|Focus doesn't match window pid|
1591534950.945705|WISNA|Focus doesn't match window pid|
1591535033.654534|SWI|PID MISMATCH FIX|
1591535250.951798|TB|PresentationMode appWithControlStrip (null)|
1591535288.062059|SYS|USB DEVICE CONNECTED|
1591535288.062173|SYS|USB Connect Count 2|
1591535288.062234|SYS|USB DEVICE CONNECTED|
1591535288.062250|SYS|USB Connect Count 3|
1591535288.062525|SYS|USB DEVICE CONNECTED|
1591535288.062574|SYS|USB Connect Count 4|
1591535290.797748|M|mt_stop2|
1591535290.799544|M|unregister internal trackpad|
1591535290.800159|M|register internal trackpad 0x0300000014400000,0x65|
1591535290.844477|STDEV|65|
1591535292.992211|M|mt_stop2|
1591535292.994030|M|unregister internal trackpad|
1591535292.994878|M|register internal trackpad 0x0300000014400000,0x65|
1591535293.005353|STDEV|65|
1591535296.102242|M|mt_stop2|
1591535296.104296|M|unregister internal trackpad|
1591535296.105348|M|register internal trackpad 0x0300000014400000,0x65|
1591535296.117970|STDEV|65|
1591535301.103153|M|mt_stop2|
1591535301.105646|M|unregister internal trackpad|
1591535301.106635|M|register internal trackpad 0x0300000014400000,0x65|
1591535301.118577|STDEV|65|
1591535336.851082|TB|PresentationMode appWithControlStrip (null)|
1591535367.376145|TB|PresentationMode appWithControlStrip (null)|
1591537436.218670|SWI|PID MISMATCH FIX|
1591537785.564382|SWI|PID MISMATCH FIX|
1591537883.879310|SWI|PID MISMATCH FIX|
1591538403.715786|SWI|PID MISMATCH FIX|
1591539697.609500|SWI|PID MISMATCH FIX|
1591539832.297543|SWI|PID MISMATCH FIX|
1591539833.497441|SWI|PID MISMATCH FIX|
1591539842.815208|WISNA|Focus doesn't match window pid|
1591540495.619021|SWI|PID MISMATCH FIX|
1591540562.228576|SWI|PID MISMATCH FIX|
1591540613.641458|WISNA|Focus doesn't match window pid|
1591540682.242029|SWI|PID MISMATCH FIX|
1591540774.210855|SWI|PID MISMATCH FIX|
1591540853.905605|SWI|PID MISMATCH FIX|
1591540861.419488|TB|PresentationMode appWithControlStrip (null)|
1591541099.520468|SWI|PID MISMATCH FIX|
1591541113.806859|SWI|PID MISMATCH FIX|
1591541192.050036|TB|PresentationMode appWithControlStrip (null)|
1591541622.260618|SWI|PID MISMATCH FIX|
1591541755.966048|SWI|PID MISMATCH FIX|
1591541855.557952|SWI|PID MISMATCH FIX|
1591541909.748597|SWI|PID MISMATCH FIX|
1591541971.510100|SWI|PID MISMATCH FIX|
1591542055.618419|SWI|PID MISMATCH FIX|
1591542097.716386|SWI|PID MISMATCH FIX|
1591542389.647087|SWI|PID MISMATCH FIX|
1591542403.448300|SWI|PID MISMATCH FIX|
1591542653.749969|SWI|PID MISMATCH FIX|
1591542702.158907|SWI|PID MISMATCH FIX|
1591542702.163473|TB|PresentationMode appWithControlStrip (null)|
1591543631.970393|SWI|PID MISMATCH FIX|
1591543795.556832|SWI|PID MISMATCH FIX|
1591545211.466681|SWI|PID MISMATCH FIX|
1591545353.453510|SWI|PID MISMATCH FIX|
1591545869.540178|SWI|PID MISMATCH FIX|
1591546220.305571|SWI|PID MISMATCH FIX|
1591546227.736895|SWI|PID MISMATCH FIX|
1591546235.838983|SWI|PID MISMATCH FIX|
1591546739.459111|SWI|PID MISMATCH FIX|
1591547401.446772|SWI|PID MISMATCH FIX|
1591547583.296336|WISNA|Focus doesn't match window pid|
1591547586.308268|WISNA|Focus doesn't match window pid|
1591547825.407365|SEC|SecureInputActive com.google.Chrome 1452|
1591547832.273457|SEC|SecureInputDisabled com.google.Chrome|
1591548766.963677|WISNA|Focus doesn't match window pid|
1591549299.746540|WISNA|Focus doesn't match window pid|
1591550495.217537|SEC|SecureInputActive com.google.Chrome 1452|
1591550497.509962|SEC|SecureInputDisabled com.google.Chrome|
1591550855.560220|TB|PresentationMode appWithControlStrip (null)|
1591551158.627792|TB|PresentationMode appWithControlStrip (null)|
1591551161.726960|WISNA|Focus doesn't match window pid|
1591551164.898036|TB|Force show Touch Bar|
1591551205.026003|TB|PresentationMode appWithControlStrip (null)|
1591551211.590885|TB|Force show Touch Bar|
1591551242.028894|TB|Force show Touch Bar|
1591551278.497251|TB|PresentationMode appWithControlStrip (null)|
1591551279.785538|TB|Force show Touch Bar|
1591551386.975890|LAUNCH|DIDLaunch START NSConcreteNotification 0x6000005aabe0 {name = NSApplicationDidFinishLaunchingNotification; object = <BTTApplication: 0x600003c949a0>; userInfo = {
    NSApplicationLaunchIsDefaultLaunchKey = 1;
}}|
1591551387.046200|SYS|Running on macOS: 10.15.4|
1591551387.046260|SYS|BTT Version: 3.373|
1591551387.046309|SYS|Device: MacBookPro11,3|
1591551387.130221|usage|loading todays usage|
1591551387.156184|short|init|
1591551387.274385|STORE|The store already exists in udefs|
1591551387.275043|xw|the new store already exists btt_data_store.version_3_373_build_1597|
1591551387.309928|migrate|fixing uuids2|
1591551387.318644|LIC|idate 2016-01-24 12:51:40 +0000|
1591551387.345903|LIC|license appears to be valid|
1591551387.347416|LIC|license dictionary {
    CheckoutName = "Michael Scherer";
    Email = "spam-blocker@gmx.net";
    LicenseType = "paddle_lifetime";
    Licenses = 1;
    Name = "Michael Scherer";
    OrderID = b22c945b76473aff2d59feea1bd141aa;
    Product = BetterTouchTool;
    Signature = {length = 128, bytes = 0xb740ade0 58fb5aa0 7c34d5b7 28cfa69b ... e80c9f54 67253091 };
    Timestamp = 1524092396;
    TransactionID = "16576476-chre8b5a37ede5b-d738b02e1f";
}|
1591551387.347505|LIC|systemdate 2018-04-18 22:59:56 +0000|
1591551387.347523|LIC|using date 1524092396|
1591551387.349236|LIC|license appears to be valid|
1591551387.350632|LIC|license dictionary {
    CheckoutName = "Michael Scherer";
    Email = "spam-blocker@gmx.net";
    LicenseType = "paddle_lifetime";
    Licenses = 1;
    Name = "Michael Scherer";
    OrderID = b22c945b76473aff2d59feea1bd141aa;
    Product = BetterTouchTool;
    Signature = {length = 128, bytes = 0xb740ade0 58fb5aa0 7c34d5b7 28cfa69b ... e80c9f54 67253091 };
    Timestamp = 1524092396;
    TransactionID = "16576476-chre8b5a37ede5b-d738b02e1f";
}|
1591551387.350711|LIC|systemdate 2018-04-18 22:59:56 +0000|
1591551387.350742|lic|newest date 2018-04-18 22:59:56 +0000|
1591551387.350757|lic|lict 16576476-chre8b5a37ede5b-d738b02e1f|
1591551387.356958|lic|newest date 2018-04-18 22:59:56 +0000|
1591551387.356995|lic|lict 16576476-chre8b5a37ede5b-d738b02e1f|
1591551387.360687|LIC|License is valid for this version|
1591551387.421184|lic|newest date 2018-04-18 22:59:56 +0000|
1591551387.421257|lic|lict 16576476-chre8b5a37ede5b-d738b02e1f|
1591551387.492507|PERM|Can record screen 0|
1591551387.492759|xw|is trusted|
1591551387.560051|short|call sharedInstance4|
1591551387.693938|TB|touchbar screen size {1085, 30}|
1591551387.702112|M|mt_stop10|
1591551389.890252|lic|newest date 2018-04-18 22:59:56 +0000|
1591551389.890297|lic|lict 16576476-chre8b5a37ede5b-d738b02e1f|
1591551389.941215|START|TB VISIBLE 0|
1591551389.941291|START|TB FORCED HIDDEN 0|
1591551389.965879|lic|newest date 2018-04-18 22:59:56 +0000|
1591551389.965909|lic|lict 16576476-chre8b5a37ede5b-d738b02e1f|
1591551389.970644|LAUNCH|DIDLaunch END frontmostApp: com.apple.coreservices.uiagent, touchpadMode 0, windowSnappingDisabled 0, singleFingerScrollingDisabled 0, mmScrollingUsed 0, tpScrollingUsed 0, tpPinchUsed 0, tpRotateUsed 0|
1591551390.089652|script|init|
1591551390.089860|NAMED|jstest|
1591551390.128533|lic|newest date 2018-04-18 22:59:56 +0000|
1591551390.128555|lic|lict 16576476-chre8b5a37ede5b-d738b02e1f|
1591551390.164661|SLEEP|FORCESHOWAFTERSLEEP2|
1591551390.164700|TB|Force show Touch Bar|
1591551390.166033|M|register internal trackpad 0x0300000014400000,0x65|
1591551390.179625|STDEV|65|
1591551390.196193|short|eventtap success|
1591551391.314015|M|mt_stop2|
1591551391.315010|TB|PresentationMode appWithControlStrip (null)|
1591551391.637056|ASL|Bonjour Service Published: domain(local.) type(_bttremote._tcp.) name(intrepid) port(59176)|
1591551391.890193|SLEEP|FORCESHOWAFTERSLEEP3B|
1591551391.890225|TB|Force show Touch Bar|
1591551391.891552|M|unregister internal trackpad|
1591551391.892721|M|register internal trackpad 0x0300000014400000,0x65|
1591551391.903428|STDEV|65|
1591551419.343563|LAUNCH|DIDLaunch START NSConcreteNotification 0x600002a33900 {name = NSApplicationDidFinishLaunchingNotification; object = <BTTApplication: 0x600001300000>; userInfo = {
    NSApplicationLaunchIsDefaultLaunchKey = 1;
}}|
1591551419.390067|SYS|Running on macOS: 10.15.4|
1591551419.390099|SYS|BTT Version: 3.373|
1591551419.390143|SYS|Device: MacBookPro11,3|
1591551419.529495|usage|loading todays usage|
1591551419.550134|short|init|
1591551419.669367|STORE|The store already exists in udefs|
1591551419.669544|xw|the new store already exists btt_data_store.version_3_373_build_1597|
1591551419.700336|migrate|fixing uuids2|
1591551419.708357|LIC|idate 2016-01-24 12:51:40 +0000|
1591551419.735345|LIC|license appears to be valid|
1591551419.737944|LIC|license dictionary {
    CheckoutName = "Michael Scherer";
    Email = "spam-blocker@gmx.net";
    LicenseType = "paddle_lifetime";
    Licenses = 1;
    Name = "Michael Scherer";
    OrderID = b22c945b76473aff2d59feea1bd141aa;
    Product = BetterTouchTool;
    Signature = {length = 128, bytes = 0xb740ade0 58fb5aa0 7c34d5b7 28cfa69b ... e80c9f54 67253091 };
    Timestamp = 1524092396;
    TransactionID = "16576476-chre8b5a37ede5b-d738b02e1f";
}|
1591551419.738038|LIC|systemdate 2018-04-18 22:59:56 +0000|
1591551419.738058|LIC|using date 1524092396|
1591551419.739894|LIC|license appears to be valid|
1591551419.742108|LIC|license dictionary {
    CheckoutName = "Michael Scherer";
    Email = "spam-blocker@gmx.net";
    LicenseType = "paddle_lifetime";
    Licenses = 1;
    Name = "Michael Scherer";
    OrderID = b22c945b76473aff2d59feea1bd141aa;
    Product = BetterTouchTool;
    Signature = {length = 128, bytes = 0xb740ade0 58fb5aa0 7c34d5b7 28cfa69b ... e80c9f54 67253091 };
    Timestamp = 1524092396;
    TransactionID = "16576476-chre8b5a37ede5b-d738b02e1f";
}|
1591551419.742276|LIC|systemdate 2018-04-18 22:59:56 +0000|
1591551419.742398|lic|newest date 2018-04-18 22:59:56 +0000|
1591551419.742433|lic|lict 16576476-chre8b5a37ede5b-d738b02e1f|
1591551419.751108|lic|newest date 2018-04-18 22:59:56 +0000|
1591551419.751141|lic|lict 16576476-chre8b5a37ede5b-d738b02e1f|
1591551419.752515|LIC|License is valid for this version|
1591551419.801382|lic|newest date 2018-04-18 22:59:56 +0000|
1591551419.801416|lic|lict 16576476-chre8b5a37ede5b-d738b02e1f|
1591551419.894307|PERM|Can record screen 1|
1591551419.894490|xw|is trusted|
1591551419.940959|short|call sharedInstance4|
1591551420.202290|TB|touchbar screen size {1085, 30}|
1591551420.223341|M|mt_stop10|
1591551421.599742|lic|newest date 2018-04-18 22:59:56 +0000|
1591551421.599786|lic|lict 16576476-chre8b5a37ede5b-d738b02e1f|
1591551421.602897|START|TB VISIBLE 0|
1591551421.602922|START|TB FORCED HIDDEN 0|
1591551421.617513|lic|newest date 2018-04-18 22:59:56 +0000|
1591551421.617546|lic|lict 16576476-chre8b5a37ede5b-d738b02e1f|
1591551421.621070|LAUNCH|DIDLaunch END frontmostApp: com.apple.finder, touchpadMode 0, windowSnappingDisabled 0, singleFingerScrollingDisabled 0, mmScrollingUsed 0, tpScrollingUsed 0, tpPinchUsed 0, tpRotateUsed 0|
1591551422.786436|script|init|
1591551422.786508|NAMED|jstest|
1591551422.800035|lic|newest date 2018-04-18 22:59:56 +0000|
1591551422.800060|lic|lict 16576476-chre8b5a37ede5b-d738b02e1f|
1591551422.812277|SLEEP|FORCESHOWAFTERSLEEP2|
1591551422.812306|TB|Force show Touch Bar|
1591551422.812866|M|register internal trackpad 0x0300000014400000,0x65|
1591551422.856927|STDEV|65|
1591551422.892827|ASL|view did load BTTAppListVC|
1591551422.913955|ASL|view did load BTTTopMenuVC|
1591551422.921321|ASL|window did load BTTRootPreferencesWC|
1591551422.921448|ASL|did set <BTTMainUIStructureVC: 0x600001101c80> BTTMainUIStructureVC|
1591551422.921503|ASL|did set <BTTLevel1VC: 0x600001b14960> BTTLevel1VC|
1591551422.921572|ASL|did set <BTTMainSplitViewController: 0x60000151cbe0> BTTMainSplitViewController|
1591551422.921614|ASL|did set <BTTConfigurationVC: 0x7fd975024e80> BTTConfigurationVC|
1591551422.921655|ASL|did set <BTTLevel3VC: 0x600001f24750> BTTLevel3VC|
1591551422.921683|ASL|did set <BTTConfigurationVC: 0x7fd975336b80> BTTConfigurationVC|
1591551422.921721|ASL|did set <BTTOutlineModeVC: 0x600001b1c780> BTTOutlineModeVC|
1591551422.921777|ASL|did set <BTTTopMenuVC: 0x600001d25340> BTTTopMenuVC|
1591551422.983737|lic|newest date 2018-04-18 22:59:56 +0000|
1591551422.983768|lic|lict 16576476-chre8b5a37ede5b-d738b02e1f|
1591551422.993826|short|eventtap success|
1591551423.041876|M|mt_stop2|
1591551423.042293|TB|PresentationMode appWithControlStrip (null)|
1591551423.251102|lic|newest date 2018-04-18 22:59:56 +0000|
1591551423.251126|lic|lict 16576476-chre8b5a37ede5b-d738b02e1f|
1591551423.278444|SLEEP|FORCESHOWAFTERSLEEP3B|
1591551423.278475|TB|Force show Touch Bar|
1591551423.279873|M|unregister internal trackpad|
1591551423.281816|M|register internal trackpad 0x0300000014400000,0x65|
1591551423.292718|STDEV|65|
1591551423.302339|ASL|did load level 3|
1591551423.390190|FORM|2UUID 308D85FA-FACE-4C95-BF28-8AD27BFDFFBC == (null) editing 0 == 0|
1591551423.888829|ASL|Bonjour Service Published: domain(local.) type(_bttremote._tcp.) name(intrepid) port(59176)|
1591551423.889493|NEWUI|Loading Config Debounced|
1591551423.889544|FORM|1UUID 308D85FA-FACE-4C95-BF28-8AD27BFDFFBC == 308D85FA-FACE-4C95-BF28-8AD27BFDFFBC editing 0 == 0|
1591551423.890366|FORM|2UUID 308D85FA-FACE-4C95-BF28-8AD27BFDFFBC == 308D85FA-FACE-4C95-BF28-8AD27BFDFFBC editing 0 == 0|
1591551423.954934|NEWUI|Loading Config Debounced|
1591551423.954966|FORM|1UUID 308D85FA-FACE-4C95-BF28-8AD27BFDFFBC == 308D85FA-FACE-4C95-BF28-8AD27BFDFFBC editing 0 == 0|
1591551430.523857|lic|newest date 2018-04-18 22:59:56 +0000|
1591551430.523881|lic|lict 16576476-chre8b5a37ede5b-d738b02e1f|
1591551431.736264|ASL|deallocating root Window controller|
1591551431.743624|ASL|deallocating BTTPrefsMenuContentContainerVC|
1591551453.884512|TB|PresentationMode appWithControlStrip (null)|
1591551466.901526|TB|PresentationMode appWithControlStrip (null)|
1591551467.367281|TERMINATE|SHOULDTERMINATE|
1591553158.682177|LAUNCH|DIDLaunch START NSConcreteNotification 0x600002d062e0 {name = NSApplicationDidFinishLaunchingNotification; object = <BTTApplication: 0x60000143c000>; userInfo = {
    NSApplicationLaunchIsDefaultLaunchKey = 1;
}}|
1591553158.719807|SYS|Running on macOS: 10.15.5|
1591553158.719837|SYS|BTT Version: 3.373|
1591553158.719874|SYS|Device: MacBookPro11,3|
1591553158.771704|usage|loading todays usage|
1591553158.799802|short|init|
1591553158.863751|STORE|The store already exists in udefs|
1591553158.864406|xw|the new store already exists btt_data_store.version_3_373_build_1597|
1591553158.901961|migrate|fixing uuids2|
1591553158.913390|LIC|idate 2016-01-24 12:51:40 +0000|
1591553158.952778|LIC|license appears to be valid|
1591553158.954286|LIC|license dictionary {
    CheckoutName = "Michael Scherer";
    Email = "spam-blocker@gmx.net";
    LicenseType = "paddle_lifetime";
    Licenses = 1;
    Name = "Michael Scherer";
    OrderID = b22c945b76473aff2d59feea1bd141aa;
    Product = BetterTouchTool;
    Signature = {length = 128, bytes = 0xb740ade0 58fb5aa0 7c34d5b7 28cfa69b ... e80c9f54 67253091 };
    Timestamp = 1524092396;
    TransactionID = "16576476-chre8b5a37ede5b-d738b02e1f";
}|
1591553158.954375|LIC|systemdate 2018-04-18 22:59:56 +0000|
1591553158.954419|LIC|using date 1524092396|
1591553158.956121|LIC|license appears to be valid|
1591553158.957429|LIC|license dictionary {
    CheckoutName = "Michael Scherer";
    Email = "spam-blocker@gmx.net";
    LicenseType = "paddle_lifetime";
    Licenses = 1;
    Name = "Michael Scherer";
    OrderID = b22c945b76473aff2d59feea1bd141aa;
    Product = BetterTouchTool;
    Signature = {length = 128, bytes = 0xb740ade0 58fb5aa0 7c34d5b7 28cfa69b ... e80c9f54 67253091 };
    Timestamp = 1524092396;
    TransactionID = "16576476-chre8b5a37ede5b-d738b02e1f";
}|
1591553158.957503|LIC|systemdate 2018-04-18 22:59:56 +0000|
1591553158.957527|lic|newest date 2018-04-18 22:59:56 +0000|
1591553158.957536|lic|lict 16576476-chre8b5a37ede5b-d738b02e1f|
1591553158.962929|lic|newest date 2018-04-18 22:59:56 +0000|
1591553158.962983|lic|lict 16576476-chre8b5a37ede5b-d738b02e1f|
1591553158.963990|LIC|License is valid for this version|
1591553158.975520|lic|newest date 2018-04-18 22:59:56 +0000|
1591553158.975546|lic|lict 16576476-chre8b5a37ede5b-d738b02e1f|
1591553159.074430|PERM|Can record screen 1|
1591553159.074822|xw|is trusted|
1591553159.117525|short|call sharedInstance4|
1591553159.219052|TB|touchbar screen size {1085, 30}|
1591553159.224568|M|mt_stop10|
1591553160.622215|lic|newest date 2018-04-18 22:59:56 +0000|
1591553160.622249|lic|lict 16576476-chre8b5a37ede5b-d738b02e1f|
1591553160.627218|START|TB VISIBLE 0|
1591553160.627256|START|TB FORCED HIDDEN 0|
1591553160.657162|lic|newest date 2018-04-18 22:59:56 +0000|
1591553160.657189|lic|lict 16576476-chre8b5a37ede5b-d738b02e1f|
1591553160.660463|LAUNCH|DIDLaunch END frontmostApp: com.apple.SetupAssistant, touchpadMode 0, windowSnappingDisabled 0, singleFingerScrollingDisabled 0, mmScrollingUsed 0, tpScrollingUsed 0, tpPinchUsed 0, tpRotateUsed 0|
1591553160.711919|script|init|
1591553160.712076|NAMED|jstest|
1591553160.727038|lic|newest date 2018-04-18 22:59:56 +0000|
1591553160.727148|lic|lict 16576476-chre8b5a37ede5b-d738b02e1f|
1591553160.758008|SLEEP|FORCESHOWAFTERSLEEP2|
1591553160.758036|TB|Force show Touch Bar|
1591553160.759372|M|register internal trackpad 0x0300000014400000,0x65|
1591553160.803161|STDEV|65|
1591553160.810365|short|eventtap success|
1591553162.147171|M|mt_stop2|
1591553162.147592|TB|PresentationMode appWithControlStrip (null)|
1591553162.442475|ASL|Bonjour Service Published: domain(local.) type(_bttremote._tcp.) name(intrepid) port(59176)|
1591553162.634120|SLEEP|FORCESHOWAFTERSLEEP3B|
1591553162.634148|TB|Force show Touch Bar|
1591553162.636701|M|unregister internal trackpad|
1591553162.638067|M|register internal trackpad 0x0300000014400000,0x65|
1591553162.648221|STDEV|65|
1591553282.532049|SEC|SecureInputActive com.apple.loginwindow 250|
1591553290.424710|TB|Force show Touch Bar|
1591553291.095767|SEC|SecureInputDisabled com.apple.loginwindow|
1591553291.621687|short|eventtap success|
1591553305.501838|TB|PresentationMode appWithControlStrip (null)|
1591553625.583373|SEC|SecureInputActive com.apple.Terminal 2184|
1591553631.603443|SEC|SecureInputDisabled com.apple.Terminal|
1591553760.126434|lic|newest date 2018-04-18 22:59:56 +0000|
1591553760.126456|lic|lict 16576476-chre8b5a37ede5b-d738b02e1f|
1591555641.112517|SWI|PID MISMATCH FIX|
1591555647.750818|WISNA|Focus doesn't match window pid|
1591556030.537206|SEC|SecureInputActive com.google.Chrome 13521|
1591556033.548068|SEC|SecureInputDisabled com.google.Chrome|
1591559334.715519|WISNA|Focus doesn't match window pid|
1591562996.951695|WISNA|Focus doesn't match window pid|
1591563533.830708|WISNA|Focus doesn't match window pid|
1591564266.663307|WISNA|Focus doesn't match window pid|
1591567259.731460|usage|loading todays usage|
1591569558.464356|TB|PresentationMode appWithControlStrip (null)|
1591574280.892032|SWI|PID MISMATCH FIX|
1591577624.559307|SWI|PID MISMATCH FIX|
1591577658.619210|SWI|PID MISMATCH FIX|
1591584736.460737|WISNA|Focus doesn't match window pid|
1591584736.587755|WISNA|Focus doesn't match window pid|
1591585420.291857|SEC|SecureInputActive com.google.Chrome 13521|
1591585426.291221|SEC|SecureInputDisabled com.google.Chrome|
1591585435.291141|SEC|SecureInputActive com.google.Chrome 13521|
1591585438.951303|SEC|SecureInputDisabled com.google.Chrome|
1591587322.296611|WISNA|Focus doesn't match window pid|
1591587475.473373|WISNA|Focus doesn't match window pid|
1591587481.643883|WISNA|Focus doesn't match window pid|
1591587488.381657|WISNA|Focus doesn't match window pid|
1591588391.174962|WISNA|Focus doesn't match window pid|
1591589043.520070|WISNA|Focus doesn't match window pid|
1591589045.159978|WISNA|Focus doesn't match window pid|
1591589119.673843|WISNA|Focus doesn't match window pid|
1591589182.898183|WISNA|Focus doesn't match window pid|
1591589196.275284|WISNA|Focus doesn't match window pid|
1591589298.924124|WISNA|Focus doesn't match window pid|
1591589381.090730|WISNA|Focus doesn't match window pid|
1591596619.289166|TB|Force show Touch Bar|
1591596660.625332|SLEEP|WILLSLEEP|
1591596687.934776|lic|newest date 2018-04-18 22:59:56 +0000|
1591596687.934797|lic|lict 16576476-chre8b5a37ede5b-d738b02e1f|
1591599031.676819|lic|newest date 2018-04-18 22:59:56 +0000|
1591599031.676908|lic|lict 16576476-chre8b5a37ede5b-d738b02e1f|
1591601109.121623|LAUNCH|DIDLaunch START NSConcreteNotification 0x600003c77150 {name = NSApplicationDidFinishLaunchingNotification; object = <BTTApplication: 0x600000538000>; userInfo = {
    NSApplicationLaunchIsDefaultLaunchKey = 1;
}}|
1591601109.161196|SYS|Running on macOS: 10.15.5|
1591601109.161230|SYS|BTT Version: 3.373|
1591601109.161269|SYS|Device: MacBookPro11,3|
1591601109.286396|usage|loading todays usage|
1591601109.301843|short|init|
1591601109.340537|STORE|The store already exists in udefs|
1591601109.340637|xw|the new store already exists btt_data_store.version_3_373_build_1597|
1591601109.359461|migrate|fixing uuids2|
1591601109.364095|LIC|idate 2016-01-24 12:51:40 +0000|
1591601109.372301|LIC|closing previous instance of BetterTouchTool relaunch|
1591601109.380382|LIC|license appears to be valid|
1591601109.381387|LIC|license dictionary {
    CheckoutName = "Michael Scherer";
    Email = "spam-blocker@gmx.net";
    LicenseType = "paddle_lifetime";
    Licenses = 1;
    Name = "Michael Scherer";
    OrderID = b22c945b76473aff2d59feea1bd141aa;
    Product = BetterTouchTool;
    Signature = {length = 128, bytes = 0xb740ade0 58fb5aa0 7c34d5b7 28cfa69b ... e80c9f54 67253091 };
    Timestamp = 1524092396;
    TransactionID = "16576476-chre8b5a37ede5b-d738b02e1f";
}|
1591601109.381455|LIC|systemdate 2018-04-18 22:59:56 +0000|
1591601109.381466|LIC|using date 1524092396|
1591601109.382543|LIC|license appears to be valid|
1591601109.383408|LIC|license dictionary {
    CheckoutName = "Michael Scherer";
    Email = "spam-blocker@gmx.net";
    LicenseType = "paddle_lifetime";
    Licenses = 1;
    Name = "Michael Scherer";
    OrderID = b22c945b76473aff2d59feea1bd141aa;
    Product = BetterTouchTool;
    Signature = {length = 128, bytes = 0xb740ade0 58fb5aa0 7c34d5b7 28cfa69b ... e80c9f54 67253091 };
    Timestamp = 1524092396;
    TransactionID = "16576476-chre8b5a37ede5b-d738b02e1f";
}|
1591601109.383458|LIC|systemdate 2018-04-18 22:59:56 +0000|
1591601109.383479|lic|newest date 2018-04-18 22:59:56 +0000|
1591601109.383487|lic|lict 16576476-chre8b5a37ede5b-d738b02e1f|
1591601109.387119|lic|newest date 2018-04-18 22:59:56 +0000|
1591601109.387139|lic|lict 16576476-chre8b5a37ede5b-d738b02e1f|
1591601109.387289|LIC|License is valid for this version|
1591601109.393637|lic|newest date 2018-04-18 22:59:56 +0000|
1591601109.393653|lic|lict 16576476-chre8b5a37ede5b-d738b02e1f|
1591601109.439195|PERM|Can record screen 1|
1591601109.439324|xw|is trusted|
1591601109.464487|short|call sharedInstance4|
1591601110.376257|TB|touchbar screen size {1085, 30}|
1591601110.379428|M|mt_stop10|
1591601111.459198|lic|newest date 2018-04-18 22:59:56 +0000|
1591601111.459226|lic|lict 16576476-chre8b5a37ede5b-d738b02e1f|
1591601111.462316|START|TB VISIBLE 0|
1591601111.462339|START|TB FORCED HIDDEN 0|
1591601111.475860|lic|newest date 2018-04-18 22:59:56 +0000|
1591601111.475882|lic|lict 16576476-chre8b5a37ede5b-d738b02e1f|
1591601111.478894|LAUNCH|DIDLaunch END frontmostApp: com.apple.loginwindow, touchpadMode 0, windowSnappingDisabled 0, singleFingerScrollingDisabled 0, mmScrollingUsed 0, tpScrollingUsed 0, tpPinchUsed 0, tpRotateUsed 0|
1591601111.518598|script|init|
1591601111.518670|NAMED|jstest|
1591601111.530960|lic|newest date 2018-04-18 22:59:56 +0000|
1591601111.530979|lic|lict 16576476-chre8b5a37ede5b-d738b02e1f|
1591601111.548783|SLEEP|FORCESHOWAFTERSLEEP2|
1591601111.548814|TB|Force show Touch Bar|
1591601111.550450|M|register internal trackpad 0x0300000014400000,0x65|
1591601111.597241|STDEV|65|
1591601112.406683|M|mt_stop2|
1591601112.410054|short|eventtap success|
1591601112.410469|TB|PresentationMode appWithControlStrip (null)|
1591601112.738537|SLEEP|FORCESHOWAFTERSLEEP3B|
1591601112.738571|TB|Force show Touch Bar|
1591601112.740142|M|unregister internal trackpad|
1591601112.740795|M|register internal trackpad 0x0300000014400000,0x65|
1591601112.751560|STDEV|65|
1591601113.194777|ASL|Bonjour Service Published: domain(local.) type(_bttremote._tcp.) name(intrepid) port(59176)|
1591601124.842799|lic|newest date 2018-04-18 22:59:56 +0000|
1591601124.842953|lic|lict 16576476-chre8b5a37ede5b-d738b02e1f|
1591606392.001710|SYS|USB DEVICE DISCONNECTED|
1591606392.457617|SYS|USB DEVICE CONNECTED|
1591606392.457653|SYS|USB Connect Count 2|
1591606392.632001|SEC|SecureInputActive com.apple.loginwindow 250|
1591606394.743819|M|mt_stop2|
1591606394.745604|M|unregister internal trackpad|
1591606394.746725|M|register internal trackpad 0x0300000014400000,0x65|
1591606394.759159|STDEV|65|
1591606395.490872|M|mt_stop2|
1591606395.492508|M|unregister internal trackpad|
1591606395.493184|M|register internal trackpad 0x0300000014400000,0x65|
1591606395.503830|STDEV|65|
1591606397.681418|M|mt_stop2|
1591606397.683052|M|unregister internal trackpad|
1591606397.683713|M|register internal trackpad 0x0300000014400000,0x65|
1591606397.694307|STDEV|65|
1591606398.714872|SEC|SecureInputDisabled com.apple.loginwindow|
1591606400.682449|M|mt_stop2|
1591606400.684125|M|unregister internal trackpad|
1591606400.684982|M|register internal trackpad 0x0300000014400000,0x65|
1591606400.696256|STDEV|65|
1591606401.961625|SEC|SecureInputActive com.apple.loginwindow 250|
1591606402.838373|lic|newest date 2018-04-18 22:59:56 +0000|
1591606402.838397|lic|lict 16576476-chre8b5a37ede5b-d738b02e1f|
1591606405.464634|SEC|SecureInputDisabled com.apple.loginwindow|
1591606405.806110|M|mt_stop2|
1591606405.807496|M|unregister internal trackpad|
1591606405.808319|M|register internal trackpad 0x0300000014400000,0x65|
1591606405.818624|STDEV|65|
1591606408.696927|lic|newest date 2018-04-18 22:59:56 +0000|
1591606408.696949|lic|lict 16576476-chre8b5a37ede5b-d738b02e1f|
1591606408.899752|SEC|SecureInputActive com.apple.loginwindow 250|
1591606410.268426|TB|Force show Touch Bar|
1591606410.341175|SEC|SecureInputDisabled com.apple.loginwindow|
1591606439.682975|SYS|USB DEVICE DISCONNECTED|
1591606442.404646|M|mt_stop2|
1591606442.406354|M|unregister internal trackpad|
1591606442.407174|M|register internal trackpad 0x0300000014400000,0x65|
1591606442.418019|STDEV|65|
1591606632.801920|WISNA|Focus doesn't match window pid|
1591606681.375096|TB|PresentationMode appWithControlStrip (null)|
1591606730.830555|TB|PresentationMode appWithControlStrip (null)|
1591606794.889476|TB|PresentationMode appWithControlStrip (null)|
1591606831.713390|TB|PresentationMode appWithControlStrip (null)|
1591606839.875601|TB|PresentationMode appWithControlStrip (null)|
1591606850.545670|TB|PresentationMode appWithControlStrip (null)|
1591606911.413446|TB|PresentationMode appWithControlStrip (null)|
1591606940.805954|lic|newest date 2018-04-18 22:59:56 +0000|
1591606940.805975|lic|lict 16576476-chre8b5a37ede5b-d738b02e1f|
1591606946.703186|TB|PresentationMode appWithControlStrip (null)|
1591608055.931867|SWI|PID MISMATCH FIX|
1591609156.567178|TB|PresentationMode appWithControlStrip (null)|
1591613732.663910|TB|Force show Touch Bar|
1591613738.611889|TERMINATE|SHOULDTERMINATE|
1591613822.959976|LAUNCH|DIDLaunch START NSConcreteNotification 0x600001afd200 {name = NSApplicationDidFinishLaunchingNotification; object = <BTTApplication: 0x6000023cc000>; userInfo = {
    NSApplicationLaunchIsDefaultLaunchKey = 1;
}}|
1591613823.007105|SYS|Running on macOS: 10.15.5|
1591613823.007144|SYS|BTT Version: 3.373|
1591613823.007194|SYS|Device: MacBookPro11,3|
1591613823.123934|usage|loading todays usage|
1591613823.156844|short|init|
1591613823.229083|STORE|The store already exists in udefs|
1591613823.229786|xw|the new store already exists btt_data_store.version_3_373_build_1597|
1591613823.265580|migrate|fixing uuids2|
1591613823.275132|LIC|idate 2016-01-24 12:51:40 +0000|
1591613823.306651|LIC|license appears to be valid|
1591613823.308650|LIC|license dictionary {
    CheckoutName = "Michael Scherer";
    Email = "spam-blocker@gmx.net";
    LicenseType = "paddle_lifetime";
    Licenses = 1;
    Name = "Michael Scherer";
    OrderID = b22c945b76473aff2d59feea1bd141aa;
    Product = BetterTouchTool;
    Signature = {length = 128, bytes = 0xb740ade0 58fb5aa0 7c34d5b7 28cfa69b ... e80c9f54 67253091 };
    Timestamp = 1524092396;
    TransactionID = "16576476-chre8b5a37ede5b-d738b02e1f";
}|
1591613823.308749|LIC|systemdate 2018-04-18 22:59:56 +0000|
1591613823.308769|LIC|using date 1524092396|
1591613823.311507|LIC|license appears to be valid|
1591613823.313382|LIC|license dictionary {
    CheckoutName = "Michael Scherer";
    Email = "spam-blocker@gmx.net";
    LicenseType = "paddle_lifetime";
    Licenses = 1;
    Name = "Michael Scherer";
    OrderID = b22c945b76473aff2d59feea1bd141aa;
    Product = BetterTouchTool;
    Signature = {length = 128, bytes = 0xb740ade0 58fb5aa0 7c34d5b7 28cfa69b ... e80c9f54 67253091 };
    Timestamp = 1524092396;
    TransactionID = "16576476-chre8b5a37ede5b-d738b02e1f";
}|
1591613823.313475|LIC|systemdate 2018-04-18 22:59:56 +0000|
1591613823.313508|lic|newest date 2018-04-18 22:59:56 +0000|
1591613823.313525|lic|lict 16576476-chre8b5a37ede5b-d738b02e1f|
1591613823.322953|lic|newest date 2018-04-18 22:59:56 +0000|
1591613823.322996|lic|lict 16576476-chre8b5a37ede5b-d738b02e1f|
1591613823.324342|LIC|License is valid for this version|
1591613823.429238|lic|newest date 2018-04-18 22:59:56 +0000|
1591613823.429295|lic|lict 16576476-chre8b5a37ede5b-d738b02e1f|
1591613823.457368|lic|newest date 2018-04-18 22:59:56 +0000|
1591613823.457401|lic|lict 16576476-chre8b5a37ede5b-d738b02e1f|
1591613823.556669|PERM|Can record screen 1|
1591613823.556969|xw|is trusted|
1591613823.607969|short|call sharedInstance4|
1591613823.735558|TB|touchbar screen size {1085, 30}|
1591613823.744157|M|mt_stop10|
1591613825.295165|lic|newest date 2018-04-18 22:59:56 +0000|
1591613825.295194|lic|lict 16576476-chre8b5a37ede5b-d738b02e1f|
1591613825.468012|START|TB VISIBLE 0|
1591613825.468044|START|TB FORCED HIDDEN 0|
1591613825.494824|LAUNCH|DIDLaunch END frontmostApp: com.apple.finder, touchpadMode 0, windowSnappingDisabled 0, singleFingerScrollingDisabled 0, mmScrollingUsed 0, tpScrollingUsed 0, tpPinchUsed 0, tpRotateUsed 0|
1591613826.608653|script|init|
1591613826.608839|NAMED|jstest|
1591613826.621716|lic|newest date 2018-04-18 22:59:56 +0000|
1591613826.621738|lic|lict 16576476-chre8b5a37ede5b-d738b02e1f|
1591613826.637563|SLEEP|FORCESHOWAFTERSLEEP2|
1591613826.637590|TB|Force show Touch Bar|
1591613826.639015|M|register internal trackpad 0x0300000014400000,0x65|
1591613826.682725|STDEV|65|
1591613826.691314|short|eventtap success|
1591613826.734168|M|mt_stop2|
1591613826.734579|TB|PresentationMode appWithControlStrip (null)|
1591613826.916758|SLEEP|FORCESHOWAFTERSLEEP3B|
1591613826.916793|TB|Force show Touch Bar|
1591613826.918098|M|unregister internal trackpad|
1591613826.919638|M|register internal trackpad 0x0300000014400000,0x65|
1591613826.930596|STDEV|65|
1591613827.387329|ASL|Bonjour Service Published: domain(local.) type(_bttremote._tcp.) name(intrepid) port(59176)|
1591613863.705194|lic|newest date 2018-04-18 22:59:56 +0000|
1591613863.705224|lic|lict 16576476-chre8b5a37ede5b-d738b02e1f|
1591613865.385190|lic|newest date 2018-04-18 22:59:56 +0000|
1591613865.385223|lic|lict 16576476-chre8b5a37ede5b-d738b02e1f|
1591613866.999857|ASL|view did load BTTAppListVC|
1591613867.018152|ASL|view did load BTTTopMenuVC|
1591613867.024192|ASL|window did load BTTRootPreferencesWC|
1591613867.024298|ASL|did set <BTTMainUIStructureVC: 0x6000021e9680> BTTMainUIStructureVC|
1591613867.024353|ASL|did set <BTTConfigurationVC: 0x7fe0b6a86fd0> BTTConfigurationVC|
1591613867.024403|ASL|did set <BTTLevel1VC: 0x600002bccf00> BTTLevel1VC|
1591613867.024464|ASL|did set <BTTMainSplitViewController: 0x6000025ca120> BTTMainSplitViewController|
1591613867.024504|ASL|did set <BTTLevel3VC: 0x600002fe95f0> BTTLevel3VC|
1591613867.024531|ASL|did set <BTTConfigurationVC: 0x7fe0b6a89b90> BTTConfigurationVC|
1591613867.024575|ASL|did set <BTTOutlineModeVC: 0x600002bccb40> BTTOutlineModeVC|
1591613867.024629|ASL|did set <BTTTopMenuVC: 0x600002ddbd40> BTTTopMenuVC|
1591613867.064511|lic|newest date 2018-04-18 22:59:56 +0000|
1591613867.064532|lic|lict 16576476-chre8b5a37ede5b-d738b02e1f|
1591613867.075374|lic|newest date 2018-04-18 22:59:56 +0000|
1591613867.075393|lic|lict 16576476-chre8b5a37ede5b-d738b02e1f|
1591613867.328092|ASL|did load level 3|
1591613867.395307|FORM|2UUID 308D85FA-FACE-4C95-BF28-8AD27BFDFFBC == (null) editing 0 == 0|
1591613867.645622|NEWUI|Loading Config Debounced|
1591613867.645674|FORM|1UUID 308D85FA-FACE-4C95-BF28-8AD27BFDFFBC == 308D85FA-FACE-4C95-BF28-8AD27BFDFFBC editing 0 == 0|
1591613867.700302|FORM|2UUID 308D85FA-FACE-4C95-BF28-8AD27BFDFFBC == 308D85FA-FACE-4C95-BF28-8AD27BFDFFBC editing 0 == 0|
1591613867.859076|NEWUI|Loading Config Debounced|
1591613867.859113|FORM|1UUID 308D85FA-FACE-4C95-BF28-8AD27BFDFFBC == 308D85FA-FACE-4C95-BF28-8AD27BFDFFBC editing 0 == 0|
1591613876.289151|FORM|2UUID 25CDF349-C0EC-4324-B965-068BFF49928A == 308D85FA-FACE-4C95-BF28-8AD27BFDFFBC editing 0 == 0|
1591613876.559903|ASL|enable shortcut fetch|
1591613880.544027|ASL|Error Domain=NSCocoaErrorDomain Code=0 "The key combination ⌃⌘D may already be used by a system-wide keyboard shortcut.(Most shortcuts can be changed in the Keyboard & Mouse panel in System Preferences.)" UserInfo={NSLocalizedRecoveryOptions=(
    OK
), NSLocalizedDescription=The key combination ⌃⌘D may already be used by a system-wide keyboard shortcut.(Most shortcuts can be changed in the Keyboard & Mouse panel in System Preferences.), NSLocalizedRecoverySuggestion=The key combination "Command + Control + D" may already used by a system-wide keyboard shortcut. (Most shortcuts can be changed in the Keyboard & Mouse panel in System Preferences.)}|
1591613880.546362|FORM|saving 0 for leftRightDifferentiation, keypath: notesInstead|
1591613880.546418|FORM|saving 0 for merge, keypath: merge|
1591613880.550747|FORM|saving 1 for isEnabled, keypath: isEnabled|
1591613895.909763|UI|Level 3 Focused|
1591613895.911595|FORM|saving 0 for leftRightDifferentiation, keypath: notesInstead|
1591613895.911649|FORM|saving 0 for merge, keypath: merge|
1591613895.915771|FORM|saving 1 for isEnabled, keypath: isEnabled|
1591613895.921039|UI|Level 3 Focused|
1591613896.079792|NEWUI|Loading Config Debounced|
1591613896.079832|FORM|1UUID 25CDF349-C0EC-4324-B965-068BFF49928A == 25CDF349-C0EC-4324-B965-068BFF49928A editing 1 == 0|
1591613896.184748|ASL|enable shortcut fetch|
1591613897.476848|UI|Level 3 Focused|
1591613897.553759|NEWUI|Loading Config Debounced|
1591613897.553815|FORM|1UUID 25CDF349-C0EC-4324-B965-068BFF49928A == 25CDF349-C0EC-4324-B965-068BFF49928A editing 1 == 1|
1591613898.554102|ASL|setup|
1591613898.613881|ASL|Become active|
1591613898.617408|ASL|Become active|
1591613898.617620|ASL|adding key monitor|
1591613898.724031|ASL|Become active|
1591613898.725596|ASL|Become active|
1591613904.572666|ASL|resign <NSScrollView: 0x7fe0b401d600>|
1591613904.581349|OUTLINE|CLICKED|
1591613904.861932|ASL|removing key monitor|
1591613916.385751|lic|newest date 2018-04-18 22:59:56 +0000|
1591613916.385781|lic|lict 16576476-chre8b5a37ede5b-d738b02e1f|
1591613916.832772|NEWUI|Loading Config Debounced|
1591613916.832826|FORM|1UUID 25CDF349-C0EC-4324-B965-068BFF49928A == 25CDF349-C0EC-4324-B965-068BFF49928A editing 1 == 1|
1591613918.977937|NEWUI|Loading Config Debounced|
1591613918.978002|FORM|1UUID 25CDF349-C0EC-4324-B965-068BFF49928A == 25CDF349-C0EC-4324-B965-068BFF49928A editing 1 == 1|
1591613920.031267|NEWUI|Loading Config Debounced|
1591613920.031300|FORM|1UUID 25CDF349-C0EC-4324-B965-068BFF49928A == 25CDF349-C0EC-4324-B965-068BFF49928A editing 1 == 1|
1591613920.962158|NEWUI|Loading Config Debounced|
1591613920.962192|FORM|1UUID 25CDF349-C0EC-4324-B965-068BFF49928A == 25CDF349-C0EC-4324-B965-068BFF49928A editing 1 == 1|
1591613922.405353|NEWUI|Loading Config Debounced|
1591613922.405381|FORM|1UUID 25CDF349-C0EC-4324-B965-068BFF49928A == 25CDF349-C0EC-4324-B965-068BFF49928A editing 1 == 1|
1591613923.822628|NEWUI|Loading Config Debounced|
1591613923.822660|FORM|1UUID 25CDF349-C0EC-4324-B965-068BFF49928A == 25CDF349-C0EC-4324-B965-068BFF49928A editing 1 == 1|
1591613925.418748|NEWUI|Loading Config Debounced|
1591613925.418778|FORM|1UUID 25CDF349-C0EC-4324-B965-068BFF49928A == 25CDF349-C0EC-4324-B965-068BFF49928A editing 1 == 1|
1591613926.104154|ASL|reenabled|
1591613928.541591|NEWUI|Loading Config Debounced|
1591613928.541656|FORM|1UUID 25CDF349-C0EC-4324-B965-068BFF49928A == 25CDF349-C0EC-4324-B965-068BFF49928A editing 1 == 1|
1591614067.048803|lic|newest date 2018-04-18 22:59:56 +0000|
1591614067.048822|lic|lict 16576476-chre8b5a37ede5b-d738b02e1f|
1591614074.361422|ASL|deallocating root Window controller|
1591614074.367056|ASL|deallocating BTTPrefsMenuContentContainerVC|
1591614094.559097|TB|PresentationMode appWithControlStrip (null)|
1591614095.651285|lic|newest date 2018-04-18 22:59:56 +0000|
1591614095.651307|lic|lict 16576476-chre8b5a37ede5b-d738b02e1f|
1591614097.527562|ASL|view did load BTTAppListVC|
1591614097.539143|ASL|view did load BTTTopMenuVC|
1591614097.543011|ASL|window did load BTTRootPreferencesWC|
1591614097.543357|ASL|did set <BTTMainUIStructureVC: 0x6000021e9680> BTTMainUIStructureVC|
1591614097.543408|ASL|did set <BTTConfigurationVC: 0x7fe0b6a86fd0> BTTConfigurationVC|
1591614097.543447|ASL|did set <BTTLevel1VC: 0x600002bccf00> BTTLevel1VC|
1591614097.543485|ASL|did set <BTTMainSplitViewController: 0x6000025ca120> BTTMainSplitViewController|
1591614097.543520|ASL|did set <BTTLevel3VC: 0x600002fe95f0> BTTLevel3VC|
1591614097.543545|ASL|did set <BTTConfigurationVC: 0x7fe0b6a89b90> BTTConfigurationVC|
1591614097.543579|ASL|did set <BTTOutlineModeVC: 0x600002bccb40> BTTOutlineModeVC|
1591614097.543627|ASL|did set <BTTTopMenuVC: 0x600002ddbd40> BTTTopMenuVC|
1591614097.544095|ASL|did set <BTTMainUIStructureVC: 0x60000218bd80> BTTMainUIStructureVC|
1591614097.544134|ASL|did set <BTTLevel1VC: 0x600002bc0b40> BTTLevel1VC|
1591614097.544177|ASL|did set <BTTConfigurationVC: 0x7fe0b69e3da0> BTTConfigurationVC|
1591614097.544209|ASL|did set <BTTLevel3VC: 0x600002f9c1a0> BTTLevel3VC|
1591614097.544253|ASL|did set <BTTMainSplitViewController: 0x6000025c3980> BTTMainSplitViewController|
1591614097.544276|ASL|did set <BTTOutlineModeVC: 0x600002bc05a0> BTTOutlineModeVC|
1591614097.544317|ASL|did set <BTTConfigurationVC: 0x7fe0b69ea8a0> BTTConfigurationVC|
1591614097.544369|ASL|did set <BTTTopMenuVC: 0x600002dec7e0> BTTTopMenuVC|
1591614097.562672|lic|newest date 2018-04-18 22:59:56 +0000|
1591614097.562689|lic|lict 16576476-chre8b5a37ede5b-d738b02e1f|
1591614097.571602|lic|newest date 2018-04-18 22:59:56 +0000|
1591614097.571622|lic|lict 16576476-chre8b5a37ede5b-d738b02e1f|
1591614097.609777|FORM|2UUID 308D85FA-FACE-4C95-BF28-8AD27BFDFFBC == (null) editing 0 == 0|
1591614097.855632|ASL|did load level 3|
1591614097.917571|FORM|2UUID 308D85FA-FACE-4C95-BF28-8AD27BFDFFBC == 308D85FA-FACE-4C95-BF28-8AD27BFDFFBC editing 0 == 0|
1591614097.919429|FORM|2UUID 308D85FA-FACE-4C95-BF28-8AD27BFDFFBC == 308D85FA-FACE-4C95-BF28-8AD27BFDFFBC editing 0 == 0|
1591614098.129864|NEWUI|Loading Config Debounced|
1591614098.129896|FORM|1UUID 308D85FA-FACE-4C95-BF28-8AD27BFDFFBC == 308D85FA-FACE-4C95-BF28-8AD27BFDFFBC editing 0 == 0|
1591614098.232546|FORM|2UUID 308D85FA-FACE-4C95-BF28-8AD27BFDFFBC == 308D85FA-FACE-4C95-BF28-8AD27BFDFFBC editing 0 == 0|
1591614098.415074|NEWUI|Loading Config Debounced|
1591614098.415107|FORM|1UUID 308D85FA-FACE-4C95-BF28-8AD27BFDFFBC == 308D85FA-FACE-4C95-BF28-8AD27BFDFFBC editing 0 == 0|
1591614116.635083|NEWUI|Loading Config Debounced|
1591614123.451366|NEWUI|Loading Config Debounced|
1591614125.470389|lic|newest date 2018-04-18 22:59:56 +0000|
1591614125.470411|lic|lict 16576476-chre8b5a37ede5b-d738b02e1f|
1591614179.891146|lic|newest date 2018-04-18 22:59:56 +0000|
1591614179.891165|lic|lict 16576476-chre8b5a37ede5b-d738b02e1f|
1591614180.483049|UI|Level 3 Focused|
1591614180.561388|NEWUI|Loading Config Debounced|
1591614180.561455|FORM|1UUID 308D85FA-FACE-4C95-BF28-8AD27BFDFFBC == 7461C213-0C34-4BE7-8DBD-77D4F2D8CCED editing 1 == 0|
1591614183.340300|ASL|deallocating root Window controller|
1591614183.346870|ASL|deallocating BTTPrefsMenuContentContainerVC|
1591614247.000207|lic|newest date 2018-04-18 22:59:56 +0000|
1591614247.000235|lic|lict 16576476-chre8b5a37ede5b-d738b02e1f|
1591614249.083346|ASL|view did load BTTAppListVC|
1591614249.097418|ASL|view did load BTTTopMenuVC|
1591614249.101245|ASL|window did load BTTRootPreferencesWC|
1591614249.101634|ASL|did set <BTTMainUIStructureVC: 0x6000021e9680> BTTMainUIStructureVC|
1591614249.101673|ASL|did set <BTTConfigurationVC: 0x7fe0b6a86fd0> BTTConfigurationVC|
1591614249.101703|ASL|did set <BTTLevel1VC: 0x600002bccf00> BTTLevel1VC|
1591614249.101732|ASL|did set <BTTMainSplitViewController: 0x6000025ca120> BTTMainSplitViewController|
1591614249.101758|ASL|did set <BTTLevel3VC: 0x600002fe95f0> BTTLevel3VC|
1591614249.101783|ASL|did set <BTTConfigurationVC: 0x7fe0b6a89b90> BTTConfigurationVC|
1591614249.101809|ASL|did set <BTTOutlineModeVC: 0x600002bccb40> BTTOutlineModeVC|
1591614249.101847|ASL|did set <BTTTopMenuVC: 0x600002ddbd40> BTTTopMenuVC|
1591614249.102313|ASL|did set <BTTMainUIStructureVC: 0x60000218bd80> BTTMainUIStructureVC|
1591614249.102352|ASL|did set <BTTLevel1VC: 0x600002bc0b40> BTTLevel1VC|
1591614249.102384|ASL|did set <BTTConfigurationVC: 0x7fe0b69e3da0> BTTConfigurationVC|
1591614249.102405|ASL|did set <BTTLevel3VC: 0x600002f9c1a0> BTTLevel3VC|
1591614249.102451|ASL|did set <BTTMainSplitViewController: 0x6000025c3980> BTTMainSplitViewController|
1591614249.102476|ASL|did set <BTTOutlineModeVC: 0x600002bc05a0> BTTOutlineModeVC|
1591614249.102507|ASL|did set <BTTConfigurationVC: 0x7fe0b69ea8a0> BTTConfigurationVC|
1591614249.102550|ASL|did set <BTTTopMenuVC: 0x600002dec7e0> BTTTopMenuVC|
1591614249.102659|ASL|did set <BTTMainUIStructureVC: 0x600002187c00> BTTMainUIStructureVC|
1591614249.102683|ASL|did set <BTTConfigurationVC: 0x7fe0b69ab180> BTTConfigurationVC|
1591614249.102704|ASL|did set <BTTLevel1VC: 0x600002bc11d0> BTTLevel1VC|
1591614249.102736|ASL|did set <BTTMainSplitViewController: 0x6000025f66c0> BTTMainSplitViewController|
1591614249.102767|ASL|did set <BTTLevel3VC: 0x600002fad520> BTTLevel3VC|
1591614249.102789|ASL|did set <BTTOutlineModeVC: 0x600002bc0d20> BTTOutlineModeVC|
1591614249.102829|ASL|did set <BTTConfigurationVC: 0x7fe0b69aba00> BTTConfigurationVC|
1591614249.102879|ASL|did set <BTTTopMenuVC: 0x600002dfaca0> BTTTopMenuVC|
1591614249.121064|lic|newest date 2018-04-18 22:59:56 +0000|
1591614249.121084|lic|lict 16576476-chre8b5a37ede5b-d738b02e1f|
1591614249.129426|lic|newest date 2018-04-18 22:59:56 +0000|
1591614249.129445|lic|lict 16576476-chre8b5a37ede5b-d738b02e1f|
1591614249.163093|FORM|2UUID 308D85FA-FACE-4C95-BF28-8AD27BFDFFBC == (null) editing 0 == 0|
1591614249.164537|FORM|2UUID 308D85FA-FACE-4C95-BF28-8AD27BFDFFBC == 308D85FA-FACE-4C95-BF28-8AD27BFDFFBC editing 0 == 0|
1591614249.402845|ASL|did load level 3|
1591614249.460482|FORM|2UUID 308D85FA-FACE-4C95-BF28-8AD27BFDFFBC == 308D85FA-FACE-4C95-BF28-8AD27BFDFFBC editing 0 == 0|
1591614249.462886|FORM|2UUID 308D85FA-FACE-4C95-BF28-8AD27BFDFFBC == 308D85FA-FACE-4C95-BF28-8AD27BFDFFBC editing 0 == 0|
1591614249.464704|FORM|2UUID 308D85FA-FACE-4C95-BF28-8AD27BFDFFBC == 308D85FA-FACE-4C95-BF28-8AD27BFDFFBC editing 0 == 0|
1591614249.699877|NEWUI|Loading Config Debounced|
1591614249.699910|FORM|1UUID 308D85FA-FACE-4C95-BF28-8AD27BFDFFBC == 308D85FA-FACE-4C95-BF28-8AD27BFDFFBC editing 0 == 0|
1591614249.819882|FORM|2UUID 308D85FA-FACE-4C95-BF28-8AD27BFDFFBC == 308D85FA-FACE-4C95-BF28-8AD27BFDFFBC editing 0 == 0|
1591614250.003711|NEWUI|Loading Config Debounced|
1591614250.003743|FORM|1UUID 308D85FA-FACE-4C95-BF28-8AD27BFDFFBC == 308D85FA-FACE-4C95-BF28-8AD27BFDFFBC editing 0 == 0|
1591614262.947026|lic|newest date 2018-04-18 22:59:56 +0000|
1591614262.947048|lic|lict 16576476-chre8b5a37ede5b-d738b02e1f|
1591614275.546349|lic|newest date 2018-04-18 22:59:56 +0000|
1591614275.546366|lic|lict 16576476-chre8b5a37ede5b-d738b02e1f|
1591614282.548801|NEWUI|Loading Config Debounced|
1591614284.787753|ASL|deallocating root Window controller|
1591614284.795211|ASL|deallocating BTTPrefsMenuContentContainerVC|
1591614423.884157|lic|newest date 2018-04-18 22:59:56 +0000|
1591614423.884182|lic|lict 16576476-chre8b5a37ede5b-d738b02e1f|
1591614576.356006|SWI|PID MISMATCH FIX|
