1591346321.062482|LAUNCH|DIDLaunch START NSConcreteNotification 0x6000030e78d0 {name = NSApplicationDidFinishLaunchingNotification; object = <BTTApplication: 0x6000009b8160>; userInfo = {
    NSApplicationLaunchIsDefaultLaunchKey = 1;
}}|
1591346321.093341|SYS|Running on macOS: 10.15.4|
1591346321.093393|SYS|BTT Version: 3.373|
1591346321.093481|SYS|Device: MacBookPro11,3|
1591346321.143329|usage|loading todays usage|
1591346321.169387|short|init|
1591346321.232676|KEY|keyboard Error Domain=NSMachErrorDomain Code=-536870206 "(iokit/common) invalid argument" UserInfo={reportingLine=201, reportingMethod=-[DDHidDevice openWithOptions:], reportingFile=/Users/andi/Xcode/BetterTouchTool/BetterTouchTool/Code/DDHidDevice.m, origin=(*mDeviceInterface)->open(mDeviceInterface, options)}|
1591346321.237686|STORE|The store already exists in udefs|
1591346321.237789|xw|the new store already exists btt_data_store.version_3_373_build_1597|
1591346321.238935|DEL|Deleting file btt_data_store.version_3_209_build_1386-shm|
1591346321.241483|DEL|Deleting file btt_data_store.version_3_209_build_1386-wal|
1591346321.275583|migrate|fixing uuids2|
1591346321.280716|LIC|idate 2016-01-24 12:51:40 +0000|
1591346321.288840|LIC|closing previous instance of BetterTouchTool relaunch|
1591346321.295501|LIC|license appears to be valid|
1591346321.296532|LIC|license dictionary {
    CheckoutName = "Michael Scherer";
    Email = "spam-blocker@gmx.net";
    LicenseType = "paddle_lifetime";
    Licenses = 1;
    Name = "Michael Scherer";
    OrderID = b22c945b76473aff2d59feea1bd141aa;
    Product = BetterTouchTool;
    Signature = {length = 128, bytes = 0xb740ade0 58fb5aa0 7c34d5b7 28cfa69b ... e80c9f54 67253091 };
    Timestamp = 1524092396;
    TransactionID = "16576476-chre8b5a37ede5b-d738b02e1f";
}|
1591346321.296602|LIC|systemdate 2018-04-18 22:59:56 +0000|
1591346321.296612|LIC|using date 1524092396|
1591346321.297617|LIC|license appears to be valid|
1591346321.298527|LIC|license dictionary {
    CheckoutName = "Michael Scherer";
    Email = "spam-blocker@gmx.net";
    LicenseType = "paddle_lifetime";
    Licenses = 1;
    Name = "Michael Scherer";
    OrderID = b22c945b76473aff2d59feea1bd141aa;
    Product = BetterTouchTool;
    Signature = {length = 128, bytes = 0xb740ade0 58fb5aa0 7c34d5b7 28cfa69b ... e80c9f54 67253091 };
    Timestamp = 1524092396;
    TransactionID = "16576476-chre8b5a37ede5b-d738b02e1f";
}|
1591346321.298580|LIC|systemdate 2018-04-18 22:59:56 +0000|
1591346321.298596|lic|newest date 2018-04-18 22:59:56 +0000|
1591346321.298604|lic|lict 16576476-chre8b5a37ede5b-d738b02e1f|
1591346321.302239|lic|newest date 2018-04-18 22:59:56 +0000|
1591346321.302258|lic|lict 16576476-chre8b5a37ede5b-d738b02e1f|
1591346321.302411|LIC|License is valid for this version|
1591346321.310262|lic|newest date 2018-04-18 22:59:56 +0000|
1591346321.310283|lic|lict 16576476-chre8b5a37ede5b-d738b02e1f|
1591346321.379211|PERM|Can record screen 1|
1591346321.379458|xw|is trusted|
1591346321.410745|short|call sharedInstance4|
1591346321.416762|SEC|SecureInputActive com.apple.loginwindow 255|
1591346321.478295|TB|touchbar screen size {1085, 30}|
1591346321.481786|M|mt_stop10|
1591346322.927460|lic|newest date 2018-04-18 22:59:56 +0000|
1591346322.927485|lic|lict 16576476-chre8b5a37ede5b-d738b02e1f|
1591346322.930282|START|TB VISIBLE 0|
1591346322.930304|START|TB FORCED HIDDEN 0|
1591346322.943347|lic|newest date 2018-04-18 22:59:56 +0000|
1591346322.943368|lic|lict 16576476-chre8b5a37ede5b-d738b02e1f|
1591346322.947147|LAUNCH|DIDLaunch END frontmostApp: com.apple.loginwindow, touchpadMode 0, windowSnappingDisabled 0, singleFingerScrollingDisabled 0, mmScrollingUsed 0, tpScrollingUsed 0, tpPinchUsed 0, tpRotateUsed 0|
1591346322.970332|KEY|keyboard Error Domain=NSMachErrorDomain Code=-536870206 "(iokit/common) invalid argument" UserInfo={reportingLine=201, reportingMethod=-[DDHidDevice openWithOptions:], reportingFile=/Users/andi/Xcode/BetterTouchTool/BetterTouchTool/Code/DDHidDevice.m, origin=(*mDeviceInterface)->open(mDeviceInterface, options)}|
1591346323.095149|script|init|
1591346323.095809|NAMED|jstest|
1591346323.110670|lic|newest date 2018-04-18 22:59:56 +0000|
1591346323.110691|lic|lict 16576476-chre8b5a37ede5b-d738b02e1f|
1591346323.144676|SLEEP|FORCESHOWAFTERSLEEP2|
1591346323.144706|TB|Force show Touch Bar|
1591346323.146516|M|register internal trackpad 0x0300000014400000,0x65|
1591346323.190485|STDEV|65|
1591346323.291808|short|eventtap success|
1591346324.198220|M|mt_stop2|
1591346324.198595|TB|PresentationMode appWithControlStrip (null)|
1591346324.481907|ASL|Bonjour Service Published: domain(local.) type(_bttremote._tcp.) name(intrepid) port(59176)|
1591346324.648667|SLEEP|FORCESHOWAFTERSLEEP3B|
1591346324.648697|TB|Force show Touch Bar|
1591346324.650040|M|unregister internal trackpad|
1591346324.651008|M|register internal trackpad 0x0300000014400000,0x65|
1591346324.662260|STDEV|65|
1591346324.333514|lic|newest date 2018-04-18 22:59:56 +0000|
1591346324.333537|lic|lict 16576476-chre8b5a37ede5b-d738b02e1f|
1591346326.866071|lic|newest date 2018-04-18 22:59:56 +0000|
1591346326.866092|lic|lict 16576476-chre8b5a37ede5b-d738b02e1f|
1591346329.639126|TB|Force show Touch Bar|
1591346329.862642|SEC|SecureInputDisabled com.apple.loginwindow|
1591346330.473581|short|eventtap success|
1591346342.037457|SWI|PID MISMATCH FIX|
1591346388.649171|SEC|SecureInputActive com.google.Chrome 1452|
1591346403.649045|SEC|SecureInputDisabled com.google.Chrome|
1591346406.671023|SYS|USB DEVICE DISCONNECTED|
1591346409.411220|M|mt_stop2|
1591346409.412731|M|unregister internal trackpad|
1591346409.413446|M|register internal trackpad 0x0300000014400000,0x65|
1591346409.455157|STDEV|65|
1591346599.697659|SWI|PID MISMATCH FIX|
1591346920.644688|lic|newest date 2018-04-18 22:59:56 +0000|
1591346920.644713|lic|lict 16576476-chre8b5a37ede5b-d738b02e1f|
1591347232.198042|lic|newest date 2018-04-18 22:59:56 +0000|
1591347232.198061|lic|lict 16576476-chre8b5a37ede5b-d738b02e1f|
1591350923.853132|SWI|PID MISMATCH FIX|
1591351971.273495|SYS|USB DEVICE CONNECTED|
1591351971.273566|SYS|USB Connect Count 2|
1591351973.969874|M|mt_stop2|
1591351973.974244|M|unregister internal trackpad|
1591351973.975126|M|register internal trackpad 0x0300000014400000,0x65|
1591351974.020930|STDEV|65|
1591351974.205329|SYS|USB DEVICE DISCONNECTED|
1591351975.989614|M|mt_stop2|
1591351975.991373|M|unregister internal trackpad|
1591351975.991991|M|register internal trackpad 0x0300000014400000,0x65|
1591351976.003287|STDEV|65|
1591351976.771764|M|mt_stop2|
1591351976.773907|M|unregister internal trackpad|
1591351976.775173|M|register internal trackpad 0x0300000014400000,0x65|
1591351976.787407|STDEV|65|
1591351976.994831|c00|4|
1591351978.926982|SYS|USB DEVICE CONNECTED|
1591351978.927038|SYS|USB Connect Count 4|
1591351979.267949|M|mt_stop2|
1591351979.269604|M|unregister internal trackpad|
1591351979.270157|M|register internal trackpad 0x0300000014400000,0x65|
1591351979.280894|STDEV|65|
1591351981.598079|M|mt_stop2|
1591351981.600186|M|unregister internal trackpad|
1591351981.601439|M|register internal trackpad 0x0300000014400000,0x65|
1591351981.613623|STDEV|65|
1591351983.773447|M|mt_stop2|
1591351983.775350|M|unregister internal trackpad|
1591351983.776696|M|register internal trackpad 0x0300000014400000,0x65|
1591351983.788336|STDEV|65|
1591351984.734331|M|mt_stop2|
1591351984.736108|M|unregister internal trackpad|
1591351984.737342|M|register internal trackpad 0x0300000014400000,0x65|
1591351984.749141|STDEV|65|
1591351984.894642|c00|4|
1591351986.968627|M|mt_stop2|
1591351986.970360|M|unregister internal trackpad|
1591351986.971137|M|register internal trackpad 0x0300000014400000,0x65|
1591351986.983303|STDEV|65|
1591351992.427856|M|mt_stop2|
1591351992.429474|M|unregister internal trackpad|
1591351992.430354|M|register internal trackpad 0x0300000014400000,0x65|
1591351992.440682|STDEV|65|
1591352314.226622|SYS|USB DEVICE DISCONNECTED|
1591352316.862806|M|mt_stop2|
1591352316.866795|M|unregister internal trackpad|
1591352316.868030|M|register internal trackpad 0x0300000014400000,0x65|
1591352316.915463|STDEV|65|
1591352325.536063|SYS|USB DEVICE CONNECTED|
1591352325.536181|SYS|USB Connect Count 2|
1591352328.265558|M|mt_stop2|
1591352328.269503|M|unregister internal trackpad|
1591352328.270731|M|register internal trackpad 0x0300000014400000,0x65|
1591352328.283737|STDEV|65|
1591352328.468732|SYS|USB DEVICE DISCONNECTED|
1591352330.464993|M|mt_stop2|
1591352330.467128|M|unregister internal trackpad|
1591352330.468363|M|register internal trackpad 0x0300000014400000,0x65|
1591352330.480399|STDEV|65|
1591352331.161954|M|mt_stop2|
1591352331.163947|M|unregister internal trackpad|
1591352331.165095|M|register internal trackpad 0x0300000014400000,0x65|
1591352331.177149|STDEV|65|
1591352331.345339|SYS|USB DEVICE CONNECTED|
1591352331.345452|SYS|USB Connect Count 4|
1591352333.764911|M|mt_stop2|
1591352333.767077|M|unregister internal trackpad|
1591352333.768367|M|register internal trackpad 0x0300000014400000,0x65|
1591352333.780319|STDEV|65|
1591352334.007339|M|mt_stop2|
1591352334.009985|M|unregister internal trackpad|
1591352334.010751|M|register internal trackpad 0x0300000014400000,0x65|
1591352334.022876|STDEV|65|
1591352336.008874|M|mt_stop2|
1591352336.011051|M|unregister internal trackpad|
1591352336.012335|M|register internal trackpad 0x0300000014400000,0x65|
1591352336.024271|STDEV|65|
1591352339.010185|M|mt_stop2|
1591352339.011012|M|mt_stop2|
1591352339.013187|M|unregister internal trackpad|
1591352339.014469|M|register internal trackpad 0x0300000014400000,0x65|
1591352339.026815|STDEV|65|
1591352339.029675|M|unregister internal trackpad|
1591352339.031105|M|register internal trackpad 0x0300000014400000,0x65|
1591352339.043105|STDEV|65|
1591352344.012000|M|mt_stop2|
1591352344.014130|M|unregister internal trackpad|
1591352344.014986|M|register internal trackpad 0x0300000014400000,0x65|
1591352344.026193|STDEV|65|
1591352344.068945|c00|4|
1591352505.918309|SWI|PID MISMATCH FIX|
1591352507.951727|SWI|PID MISMATCH FIX|
1591352686.407469|SYS|USB DEVICE DISCONNECTED|
1591352689.152288|M|mt_stop2|
1591352689.156322|M|unregister internal trackpad|
1591352689.157571|M|register internal trackpad 0x0300000014400000,0x65|
1591352689.203512|STDEV|65|
1591353503.289345|SLEEP|WILLSLEEP|
1591353505.793445|SWI|PID MISMATCH FIX|
1591353508.740988|SWI|PID MISMATCH FIX|
1591353510.233336|SWI|PID MISMATCH FIX|
1591353512.045786|SWI|PID MISMATCH FIX|
1591353514.532662|SWI|PID MISMATCH FIX|
1591353516.236770|SWI|PID MISMATCH FIX|
1591353518.329587|SWI|PID MISMATCH FIX|
1591353520.734457|SWI|PID MISMATCH FIX|
1591353522.236181|SWI|PID MISMATCH FIX|
1591353524.737461|SWI|PID MISMATCH FIX|
1591353526.727625|SWI|PID MISMATCH FIX|
1591353528.237523|SWI|PID MISMATCH FIX|
1591353530.469526|SWI|PID MISMATCH FIX|
1591353532.043334|SWI|PID MISMATCH FIX|
1591353534.230317|SWI|PID MISMATCH FIX|
1591364338.001278|SWI|PID MISMATCH FIX|
1591364339.897681|SWI|PID MISMATCH FIX|
1591364341.705755|SWI|PID MISMATCH FIX|
1591370546.805995|LAUNCH|DIDLaunch START NSConcreteNotification 0x600000fe69d0 {name = NSApplicationDidFinishLaunchingNotification; object = <BTTApplication: 0x6000036c4000>; userInfo = {
    NSApplicationLaunchIsDefaultLaunchKey = 1;
}}|
1591370546.866557|SYS|Running on macOS: 10.15.4|
1591370546.866603|SYS|BTT Version: 3.373|
1591370546.866657|SYS|Device: MacBookPro11,3|
1591370546.969156|usage|loading todays usage|
1591370547.004915|short|init|
1591370547.082565|KEY|keyboard Error Domain=NSMachErrorDomain Code=-536870206 "(iokit/common) invalid argument" UserInfo={reportingLine=201, reportingMethod=-[DDHidDevice openWithOptions:], reportingFile=/Users/andi/Xcode/BetterTouchTool/BetterTouchTool/Code/DDHidDevice.m, origin=(*mDeviceInterface)->open(mDeviceInterface, options)}|
1591370547.089124|STORE|The store already exists in udefs|
1591370547.089636|xw|the new store already exists btt_data_store.version_3_373_build_1597|
1591370547.126110|migrate|fixing uuids2|
1591370547.133522|LIC|idate 2016-01-24 12:51:40 +0000|
1591370547.144412|LIC|closing previous instance of BetterTouchTool relaunch|
1591370547.156496|LIC|license appears to be valid|
1591370547.157820|LIC|license dictionary {
    CheckoutName = "Michael Scherer";
    Email = "spam-blocker@gmx.net";
    LicenseType = "paddle_lifetime";
    Licenses = 1;
    Name = "Michael Scherer";
    OrderID = b22c945b76473aff2d59feea1bd141aa;
    Product = BetterTouchTool;
    Signature = {length = 128, bytes = 0xb740ade0 58fb5aa0 7c34d5b7 28cfa69b ... e80c9f54 67253091 };
    Timestamp = 1524092396;
    TransactionID = "16576476-chre8b5a37ede5b-d738b02e1f";
}|
1591370547.157921|LIC|systemdate 2018-04-18 22:59:56 +0000|
1591370547.157942|LIC|using date 1524092396|
1591370547.159411|LIC|license appears to be valid|
1591370547.160583|LIC|license dictionary {
    CheckoutName = "Michael Scherer";
    Email = "spam-blocker@gmx.net";
    LicenseType = "paddle_lifetime";
    Licenses = 1;
    Name = "Michael Scherer";
    OrderID = b22c945b76473aff2d59feea1bd141aa;
    Product = BetterTouchTool;
    Signature = {length = 128, bytes = 0xb740ade0 58fb5aa0 7c34d5b7 28cfa69b ... e80c9f54 67253091 };
    Timestamp = 1524092396;
    TransactionID = "16576476-chre8b5a37ede5b-d738b02e1f";
}|
1591370547.160649|LIC|systemdate 2018-04-18 22:59:56 +0000|
1591370547.160671|lic|newest date 2018-04-18 22:59:56 +0000|
1591370547.160680|lic|lict 16576476-chre8b5a37ede5b-d738b02e1f|
1591370547.165576|lic|newest date 2018-04-18 22:59:56 +0000|
1591370547.165601|lic|lict 16576476-chre8b5a37ede5b-d738b02e1f|
1591370547.166514|LIC|License is valid for this version|
1591370547.180149|lic|newest date 2018-04-18 22:59:56 +0000|
1591370547.180176|lic|lict 16576476-chre8b5a37ede5b-d738b02e1f|
1591370547.257725|PERM|Can record screen 1|
1591370547.258194|xw|is trusted|
1591370547.294566|short|call sharedInstance4|
1591370547.306841|SEC|SecureInputActive com.apple.loginwindow 255|
1591370547.415395|TB|touchbar screen size {1085, 30}|
1591370547.421216|M|mt_stop10|
1591370548.608344|lic|newest date 2018-04-18 22:59:56 +0000|
1591370548.608384|lic|lict 16576476-chre8b5a37ede5b-d738b02e1f|
1591370548.611797|START|TB VISIBLE 0|
1591370548.611820|START|TB FORCED HIDDEN 0|
1591370548.625572|lic|newest date 2018-04-18 22:59:56 +0000|
1591370548.625595|lic|lict 16576476-chre8b5a37ede5b-d738b02e1f|
1591370548.632147|LAUNCH|DIDLaunch END frontmostApp: com.apple.loginwindow, touchpadMode 0, windowSnappingDisabled 0, singleFingerScrollingDisabled 0, mmScrollingUsed 0, tpScrollingUsed 0, tpPinchUsed 0, tpRotateUsed 0|
1591370548.657861|KEY|keyboard Error Domain=NSMachErrorDomain Code=-536870206 "(iokit/common) invalid argument" UserInfo={reportingLine=201, reportingMethod=-[DDHidDevice openWithOptions:], reportingFile=/Users/andi/Xcode/BetterTouchTool/BetterTouchTool/Code/DDHidDevice.m, origin=(*mDeviceInterface)->open(mDeviceInterface, options)}|
1591370548.677103|script|init|
1591370548.677189|NAMED|jstest|
1591370548.692380|lic|newest date 2018-04-18 22:59:56 +0000|
1591370548.692408|lic|lict 16576476-chre8b5a37ede5b-d738b02e1f|
1591370548.716581|SLEEP|FORCESHOWAFTERSLEEP2|
1591370548.716613|TB|Force show Touch Bar|
1591370548.717973|M|register internal trackpad 0x0300000014400000,0x65|
1591370548.730127|STDEV|65|
1591370548.741864|short|eventtap success|
1591370549.566657|M|mt_stop2|
1591370549.567073|TB|PresentationMode appWithControlStrip (null)|
1591370549.832978|ASL|Bonjour Service Published: domain(local.) type(_bttremote._tcp.) name(intrepid) port(59176)|
1591370549.988682|SLEEP|FORCESHOWAFTERSLEEP3B|
1591370549.988721|TB|Force show Touch Bar|
1591370549.990274|M|unregister internal trackpad|
1591370549.991178|M|register internal trackpad 0x0300000014400000,0x65|
1591370550.002412|STDEV|65|
1591370558.538086|lic|newest date 2018-04-18 22:59:56 +0000|
1591370558.538110|lic|lict 16576476-chre8b5a37ede5b-d738b02e1f|
1591370682.548828|SYS|USB DEVICE DISCONNECTED|
1591370685.259624|M|mt_stop2|
1591370685.261989|M|unregister internal trackpad|
1591370685.263211|M|register internal trackpad 0x0300000014400000,0x65|
1591370685.312586|STDEV|65|
1591370823.878541|SEC|SecureInputDisabled com.apple.loginwindow|
1591370823.973069|TB|Force show Touch Bar|
1591370824.615180|short|eventtap success|
1591371148.422353|lic|newest date 2018-04-18 22:59:56 +0000|
1591371148.422378|lic|lict 16576476-chre8b5a37ede5b-d738b02e1f|
1591374591.544965|SWI|PID MISMATCH FIX|
1591374695.490708|SWI|PID MISMATCH FIX|
1591374731.364870|SWI|PID MISMATCH FIX|
1591375011.951404|SWI|PID MISMATCH FIX|
1591375105.062942|SEC|SecureInputActive com.google.Chrome 1452|
1591375117.147920|SEC|SecureInputDisabled com.google.Chrome|
1591375119.317482|SEC|SecureInputActive com.google.Chrome 1452|
1591375123.798247|SEC|SecureInputDisabled com.google.Chrome|
1591375144.295947|SEC|SecureInputActive com.google.Chrome 1452|
1591375146.627935|SEC|SecureInputDisabled com.google.Chrome|
1591375284.310708|SEC|SecureInputActive com.google.Chrome 1452|
1591375288.867821|WISNA|Focus doesn't match window pid|
1591375291.132117|SEC|SecureInputDisabled com.google.Chrome|
1591375304.127962|short|eventtap success|
1591376007.434290|SWI|PID MISMATCH FIX|
1591379417.285378|SWI|PID MISMATCH FIX|
1591379457.342122|SWI|PID MISMATCH FIX|
1591382355.178636|SEC|SecureInputActive com.google.Chrome 1452|
1591382358.271728|SEC|SecureInputDisabled com.google.Chrome|
1591390264.963418|SWI|PID MISMATCH FIX|
1591394016.838799|SWI|PID MISMATCH FIX|
1591394427.779402|usage|loading todays usage|
1591394608.839465|SWI|PID MISMATCH FIX|
1591394612.919931|SWI|PID MISMATCH FIX|
1591395942.259191|SEC|SecureInputActive com.google.Chrome 1452|
1591395944.759779|SEC|SecureInputDisabled com.google.Chrome|
1591397404.769586|SWI|PID MISMATCH FIX|
1591399342.764377|SWI|PID MISMATCH FIX|
1591401180.645773|SWI|PID MISMATCH FIX|
1591401896.975978|SWI|PID MISMATCH FIX|
1591402639.507756|SLEEP|WILLSLEEP|
1591402640.653365|SWI|PID MISMATCH FIX|
1591402641.816788|WAKE|DIDWAKE|
1591402641.943531|WAKE|DIDWAKE2|
1591402641.944909|WAKE|NO RESTART|
1591402641.944933|WAKE|EVENTHANDLER RESET|
1591402641.967119|M|mt_stop2|
1591402641.997762|lic|newest date 2018-04-18 22:59:56 +0000|
1591402641.997781|lic|lict 16576476-chre8b5a37ede5b-d738b02e1f|
1591402642.001715|SLEEP|FORCESHOWAFTERSESSIONBEGIN|
1591402642.001740|TB|Force show Touch Bar|
1591402642.003189|M|unregister internal trackpad|
1591402642.003795|M|register internal trackpad 0x0300000014400000,0x65|
1591402642.015018|STDEV|65|
1591402643.819877|SEC|SecureInputActive com.apple.loginwindow 255|
1591402674.832735|SEC|SecureInputDisabled com.apple.loginwindow|
1591402677.572102|SEC|SecureInputActive com.apple.loginwindow 255|
1591402686.829859|SLEEP|WILLSLEEP|
1591402713.432548|lic|newest date 2018-04-18 22:59:56 +0000|
1591402713.432566|lic|lict 16576476-chre8b5a37ede5b-d738b02e1f|
1591409919.627410|LAUNCH|DIDLaunch START NSConcreteNotification 0x600000187ea0 {name = NSApplicationDidFinishLaunchingNotification; object = <BTTApplication: 0x6000038a8000>; userInfo = {
    NSApplicationLaunchIsDefaultLaunchKey = 1;
}}|
1591409919.653412|SYS|Running on macOS: 10.15.4|
1591409919.653435|SYS|BTT Version: 3.373|
1591409919.653463|SYS|Device: MacBookPro11,3|
1591409919.715044|usage|loading todays usage|
1591409919.729683|short|init|
1591409919.761257|KEY|keyboard Error Domain=NSMachErrorDomain Code=-536870206 "(iokit/common) invalid argument" UserInfo={reportingLine=201, reportingMethod=-[DDHidDevice openWithOptions:], reportingFile=/Users/andi/Xcode/BetterTouchTool/BetterTouchTool/Code/DDHidDevice.m, origin=(*mDeviceInterface)->open(mDeviceInterface, options)}|
1591409919.765461|STORE|The store already exists in udefs|
1591409919.765568|xw|the new store already exists btt_data_store.version_3_373_build_1597|
1591409919.780987|migrate|fixing uuids2|
1591409919.785550|LIC|idate 2016-01-24 12:51:40 +0000|
1591409919.793806|LIC|closing previous instance of BetterTouchTool relaunch|
1591409919.801281|LIC|license appears to be valid|
1591409919.802310|LIC|license dictionary {
    CheckoutName = "Michael Scherer";
    Email = "spam-blocker@gmx.net";
    LicenseType = "paddle_lifetime";
    Licenses = 1;
    Name = "Michael Scherer";
    OrderID = b22c945b76473aff2d59feea1bd141aa;
    Product = BetterTouchTool;
    Signature = {length = 128, bytes = 0xb740ade0 58fb5aa0 7c34d5b7 28cfa69b ... e80c9f54 67253091 };
    Timestamp = 1524092396;
    TransactionID = "16576476-chre8b5a37ede5b-d738b02e1f";
}|
1591409919.802381|LIC|systemdate 2018-04-18 22:59:56 +0000|
1591409919.802392|LIC|using date 1524092396|
1591409919.803519|LIC|license appears to be valid|
1591409919.804500|LIC|license dictionary {
    CheckoutName = "Michael Scherer";
    Email = "spam-blocker@gmx.net";
    LicenseType = "paddle_lifetime";
    Licenses = 1;
    Name = "Michael Scherer";
    OrderID = b22c945b76473aff2d59feea1bd141aa;
    Product = BetterTouchTool;
    Signature = {length = 128, bytes = 0xb740ade0 58fb5aa0 7c34d5b7 28cfa69b ... e80c9f54 67253091 };
    Timestamp = 1524092396;
    TransactionID = "16576476-chre8b5a37ede5b-d738b02e1f";
}|
1591409919.804567|LIC|systemdate 2018-04-18 22:59:56 +0000|
1591409919.804589|lic|newest date 2018-04-18 22:59:56 +0000|
1591409919.804597|lic|lict 16576476-chre8b5a37ede5b-d738b02e1f|
1591409919.808403|lic|newest date 2018-04-18 22:59:56 +0000|
1591409919.808425|lic|lict 16576476-chre8b5a37ede5b-d738b02e1f|
1591409919.808587|LIC|License is valid for this version|
1591409919.816492|lic|newest date 2018-04-18 22:59:56 +0000|
1591409919.816514|lic|lict 16576476-chre8b5a37ede5b-d738b02e1f|
1591409919.863219|PERM|Can record screen 1|
1591409919.863345|xw|is trusted|
1591409919.889075|short|call sharedInstance4|
1591409919.894621|SEC|SecureInputActive com.apple.loginwindow 255|
1591409919.948292|TB|touchbar screen size {1085, 30}|
1591409919.951404|M|mt_stop10|
1591409920.734541|lic|newest date 2018-04-18 22:59:56 +0000|
1591409920.734566|lic|lict 16576476-chre8b5a37ede5b-d738b02e1f|
1591409920.737527|START|TB VISIBLE 0|
1591409920.737548|START|TB FORCED HIDDEN 0|
1591409920.749561|lic|newest date 2018-04-18 22:59:56 +0000|
1591409920.749583|lic|lict 16576476-chre8b5a37ede5b-d738b02e1f|
1591409920.752269|LAUNCH|DIDLaunch END frontmostApp: com.apple.loginwindow, touchpadMode 0, windowSnappingDisabled 0, singleFingerScrollingDisabled 0, mmScrollingUsed 0, tpScrollingUsed 0, tpPinchUsed 0, tpRotateUsed 0|
1591409920.775378|KEY|keyboard Error Domain=NSMachErrorDomain Code=-536870206 "(iokit/common) invalid argument" UserInfo={reportingLine=201, reportingMethod=-[DDHidDevice openWithOptions:], reportingFile=/Users/andi/Xcode/BetterTouchTool/BetterTouchTool/Code/DDHidDevice.m, origin=(*mDeviceInterface)->open(mDeviceInterface, options)}|
1591409920.789939|script|init|
1591409920.790011|NAMED|jstest|
1591409920.801538|lic|newest date 2018-04-18 22:59:56 +0000|
1591409920.801559|lic|lict 16576476-chre8b5a37ede5b-d738b02e1f|
1591409920.817236|SLEEP|FORCESHOWAFTERSLEEP2|
1591409920.817265|TB|Force show Touch Bar|
1591409920.818365|M|register internal trackpad 0x0300000014400000,0x65|
1591409920.830742|STDEV|65|
1591409920.837073|short|eventtap success|
1591409921.801003|M|mt_stop2|
1591409921.801138|SLEEP|FORCESHOWAFTERSLEEP3B|
1591409921.801161|TB|Force show Touch Bar|
1591409921.808586|TB|PresentationMode appWithControlStrip (null)|
1591409921.814619|ASL|Bonjour Service Published: domain(local.) type(_bttremote._tcp.) name(intrepid) port(59176)|
1591409921.957718|M|unregister internal trackpad|
1591409921.958524|M|register internal trackpad 0x0300000014400000,0x65|
1591409921.970679|STDEV|65|
1591425003.738365|SYS|USB DEVICE DISCONNECTED|
1591425004.408647|KEY|keyboard Error Domain=NSMachErrorDomain Code=-536870206 "(iokit/common) invalid argument" UserInfo={reportingLine=201, reportingMethod=-[DDHidDevice openWithOptions:], reportingFile=/Users/andi/Xcode/BetterTouchTool/BetterTouchTool/Code/DDHidDevice.m, origin=(*mDeviceInterface)->open(mDeviceInterface, options)}|
1591425004.408722|SYS|USB DEVICE CONNECTED|
1591425004.408755|SYS|USB Connect Count 2|
1591425004.629085|xw|disabling touch for internal trackpad (clamshell)|
1591425005.496729|LAUNCH|DIDLaunch START NSConcreteNotification 0x6000024eca20 {name = NSApplicationDidFinishLaunchingNotification; object = <BTTApplication: 0x600001dd00b0>; userInfo = {
    NSApplicationLaunchIsDefaultLaunchKey = 1;
}}|
1591425005.538484|SYS|Running on macOS: 10.15.4|
1591425005.538535|SYS|BTT Version: 3.373|
1591425005.538578|SYS|Device: MacBookPro11,3|
1591425005.583019|usage|loading todays usage|
1591425005.604657|short|init|
1591425005.670908|KEY|keyboard Error Domain=NSMachErrorDomain Code=-536870206 "(iokit/common) invalid argument" UserInfo={reportingLine=201, reportingMethod=-[DDHidDevice openWithOptions:], reportingFile=/Users/andi/Xcode/BetterTouchTool/BetterTouchTool/Code/DDHidDevice.m, origin=(*mDeviceInterface)->open(mDeviceInterface, options)}|
1591425005.677668|STORE|The store already exists in udefs|
1591425005.677797|xw|the new store already exists btt_data_store.version_3_373_build_1597|
1591425005.715093|migrate|fixing uuids2|
1591425005.720705|LIC|idate 2016-01-24 12:51:40 +0000|
1591425005.728468|LIC|closing previous instance of BetterTouchTool relaunch|
1591425005.737067|LIC|license appears to be valid|
1591425005.738253|LIC|license dictionary {
    CheckoutName = "Michael Scherer";
    Email = "spam-blocker@gmx.net";
    LicenseType = "paddle_lifetime";
    Licenses = 1;
    Name = "Michael Scherer";
    OrderID = b22c945b76473aff2d59feea1bd141aa;
    Product = BetterTouchTool;
    Signature = {length = 128, bytes = 0xb740ade0 58fb5aa0 7c34d5b7 28cfa69b ... e80c9f54 67253091 };
    Timestamp = 1524092396;
    TransactionID = "16576476-chre8b5a37ede5b-d738b02e1f";
}|
1591425005.738339|LIC|systemdate 2018-04-18 22:59:56 +0000|
1591425005.738354|LIC|using date 1524092396|
1591425005.740197|LIC|license appears to be valid|
1591425005.741183|LIC|license dictionary {
    CheckoutName = "Michael Scherer";
    Email = "spam-blocker@gmx.net";
    LicenseType = "paddle_lifetime";
    Licenses = 1;
    Name = "Michael Scherer";
    OrderID = b22c945b76473aff2d59feea1bd141aa;
    Product = BetterTouchTool;
    Signature = {length = 128, bytes = 0xb740ade0 58fb5aa0 7c34d5b7 28cfa69b ... e80c9f54 67253091 };
    Timestamp = 1524092396;
    TransactionID = "16576476-chre8b5a37ede5b-d738b02e1f";
}|
1591425005.741253|LIC|systemdate 2018-04-18 22:59:56 +0000|
1591425005.741280|lic|newest date 2018-04-18 22:59:56 +0000|
1591425005.741293|lic|lict 16576476-chre8b5a37ede5b-d738b02e1f|
1591425005.745533|lic|newest date 2018-04-18 22:59:56 +0000|
1591425005.745552|lic|lict 16576476-chre8b5a37ede5b-d738b02e1f|
1591425005.745701|LIC|License is valid for this version|
1591425005.758122|lic|newest date 2018-04-18 22:59:56 +0000|
1591425005.758149|lic|lict 16576476-chre8b5a37ede5b-d738b02e1f|
1591425005.928479|PERM|Can record screen 1|
1591425005.928625|xw|is trusted|
1591425005.977733|short|call sharedInstance4|
1591425005.987766|SEC|SecureInputActive com.apple.loginwindow 255|
1591425006.093321|TB|touchbar screen size {1085, 30}|
1591425006.097653|M|mt_stop10|
1591425007.812460|lic|newest date 2018-04-18 22:59:56 +0000|
1591425007.812501|lic|lict 16576476-chre8b5a37ede5b-d738b02e1f|
1591425007.816830|START|TB VISIBLE 0|
1591425007.816856|START|TB FORCED HIDDEN 0|
1591425007.834779|lic|newest date 2018-04-18 22:59:56 +0000|
1591425007.834819|lic|lict 16576476-chre8b5a37ede5b-d738b02e1f|
1591425007.839737|LAUNCH|DIDLaunch END frontmostApp: com.apple.loginwindow, touchpadMode 0, windowSnappingDisabled 0, singleFingerScrollingDisabled 0, mmScrollingUsed 0, tpScrollingUsed 0, tpPinchUsed 0, tpRotateUsed 0|
1591425007.872950|KEY|keyboard Error Domain=NSMachErrorDomain Code=-536870206 "(iokit/common) invalid argument" UserInfo={reportingLine=201, reportingMethod=-[DDHidDevice openWithOptions:], reportingFile=/Users/andi/Xcode/BetterTouchTool/BetterTouchTool/Code/DDHidDevice.m, origin=(*mDeviceInterface)->open(mDeviceInterface, options)}|
1591425007.994105|script|init|
1591425007.994761|NAMED|jstest|
1591425008.009789|lic|newest date 2018-04-18 22:59:56 +0000|
1591425008.009809|lic|lict 16576476-chre8b5a37ede5b-d738b02e1f|
1591425008.046884|SLEEP|FORCESHOWAFTERSLEEP2|
1591425008.046915|TB|Force show Touch Bar|
1591425008.048552|M|register internal trackpad 0x0300000014400000,0x65|
1591425008.059302|STDEV|65|
1591425008.078606|short|eventtap success|
1591425018.333208|M|mt_stop2|
1591425018.334634|TB|PresentationMode appWithControlStrip (null)|
1591425019.108868|ASL|Bonjour Service Published: domain(local.) type(_bttremote._tcp.) name(intrepid) port(59176)|
1591425019.869208|SLEEP|FORCESHOWAFTERSLEEP3B|
1591425019.869315|TB|Force show Touch Bar|
1591425019.871556|M|unregister internal trackpad|
1591425019.874566|M|register internal trackpad 0x0300000014400000,0x65|
1591425019.923735|STDEV|65|
1591425020.176769|xw|disabling touch for internal trackpad (clamshell)|
1591426948.000859|SYS|USB DEVICE DISCONNECTED|
1591426948.976684|LAUNCH|DIDLaunch START NSConcreteNotification 0x600002481050 {name = NSApplicationDidFinishLaunchingNotification; object = <BTTApplication: 0x600001d94000>; userInfo = {
    NSApplicationLaunchIsDefaultLaunchKey = 1;
}}|
1591426949.002609|SYS|Running on macOS: 10.15.4|
1591426949.002635|SYS|BTT Version: 3.373|
1591426949.002666|SYS|Device: MacBookPro11,3|
1591426949.041510|usage|loading todays usage|
1591426949.052240|short|init|
1591426949.081903|KEY|keyboard Error Domain=NSMachErrorDomain Code=-536870206 "(iokit/common) invalid argument" UserInfo={reportingLine=201, reportingMethod=-[DDHidDevice openWithOptions:], reportingFile=/Users/andi/Xcode/BetterTouchTool/BetterTouchTool/Code/DDHidDevice.m, origin=(*mDeviceInterface)->open(mDeviceInterface, options)}|
1591426949.083734|STORE|The store already exists in udefs|
1591426949.083817|xw|the new store already exists btt_data_store.version_3_373_build_1597|
1591426949.095051|migrate|fixing uuids2|
1591426949.099006|LIC|idate 2016-01-24 12:51:40 +0000|
1591426949.106268|LIC|closing previous instance of BetterTouchTool relaunch|
1591426949.112746|LIC|license appears to be valid|
1591426949.113799|LIC|license dictionary {
    CheckoutName = "Michael Scherer";
    Email = "spam-blocker@gmx.net";
    LicenseType = "paddle_lifetime";
    Licenses = 1;
    Name = "Michael Scherer";
    OrderID = b22c945b76473aff2d59feea1bd141aa;
    Product = BetterTouchTool;
    Signature = {length = 128, bytes = 0xb740ade0 58fb5aa0 7c34d5b7 28cfa69b ... e80c9f54 67253091 };
    Timestamp = 1524092396;
    TransactionID = "16576476-chre8b5a37ede5b-d738b02e1f";
}|
1591426949.113879|LIC|systemdate 2018-04-18 22:59:56 +0000|
1591426949.113889|LIC|using date 1524092396|
1591426949.114756|LIC|license appears to be valid|
1591426949.115632|LIC|license dictionary {
    CheckoutName = "Michael Scherer";
    Email = "spam-blocker@gmx.net";
    LicenseType = "paddle_lifetime";
    Licenses = 1;
    Name = "Michael Scherer";
    OrderID = b22c945b76473aff2d59feea1bd141aa;
    Product = BetterTouchTool;
    Signature = {length = 128, bytes = 0xb740ade0 58fb5aa0 7c34d5b7 28cfa69b ... e80c9f54 67253091 };
    Timestamp = 1524092396;
    TransactionID = "16576476-chre8b5a37ede5b-d738b02e1f";
}|
1591426949.115678|LIC|systemdate 2018-04-18 22:59:56 +0000|
1591426949.115694|lic|newest date 2018-04-18 22:59:56 +0000|
1591426949.115702|lic|lict 16576476-chre8b5a37ede5b-d738b02e1f|
1591426949.119098|lic|newest date 2018-04-18 22:59:56 +0000|
1591426949.119116|lic|lict 16576476-chre8b5a37ede5b-d738b02e1f|
1591426949.119270|LIC|License is valid for this version|
1591426949.125946|lic|newest date 2018-04-18 22:59:56 +0000|
1591426949.125965|lic|lict 16576476-chre8b5a37ede5b-d738b02e1f|
1591426949.135622|lic|newest date 2018-04-18 22:59:56 +0000|
1591426949.135644|lic|lict 16576476-chre8b5a37ede5b-d738b02e1f|
1591426949.198609|PERM|Can record screen 1|
1591426949.198869|xw|is trusted|
1591426949.228150|short|call sharedInstance4|
1591426949.233402|SEC|SecureInputActive com.apple.loginwindow 255|
1591426949.297271|TB|touchbar screen size {1085, 30}|
1591426949.300537|M|mt_stop10|
1591426950.101144|lic|newest date 2018-04-18 22:59:56 +0000|
1591426950.101170|lic|lict 16576476-chre8b5a37ede5b-d738b02e1f|
1591426950.103898|START|TB VISIBLE 0|
1591426950.103920|START|TB FORCED HIDDEN 0|
1591426950.109895|LAUNCH|DIDLaunch END frontmostApp: com.apple.loginwindow, touchpadMode 0, windowSnappingDisabled 0, singleFingerScrollingDisabled 0, mmScrollingUsed 0, tpScrollingUsed 0, tpPinchUsed 0, tpRotateUsed 0|
1591426950.131890|KEY|keyboard Error Domain=NSMachErrorDomain Code=-536870206 "(iokit/common) invalid argument" UserInfo={reportingLine=201, reportingMethod=-[DDHidDevice openWithOptions:], reportingFile=/Users/andi/Xcode/BetterTouchTool/BetterTouchTool/Code/DDHidDevice.m, origin=(*mDeviceInterface)->open(mDeviceInterface, options)}|
1591426950.144698|script|init|
1591426950.144771|NAMED|jstest|
1591426950.156320|lic|newest date 2018-04-18 22:59:56 +0000|
1591426950.156339|lic|lict 16576476-chre8b5a37ede5b-d738b02e1f|
1591426950.171311|SLEEP|FORCESHOWAFTERSLEEP2|
1591426950.171340|TB|Force show Touch Bar|
1591426950.172454|M|register internal trackpad 0x0300000014400000,0x65|
1591426950.185077|STDEV|65|
1591426950.193675|short|eventtap success|
1591426951.141116|ASL|Bonjour Service Published: domain(local.) type(_bttremote._tcp.) name(intrepid) port(59176)|
1591426951.142853|M|mt_stop2|
1591426951.142980|SLEEP|FORCESHOWAFTERSLEEP3B|
1591426951.143001|TB|Force show Touch Bar|
1591426951.143262|TB|PresentationMode appWithControlStrip (null)|
1591426951.309673|M|unregister internal trackpad|
1591426951.310814|M|register internal trackpad 0x0300000014400000,0x65|
1591426951.322333|STDEV|65|
1591426953.093799|lic|newest date 2018-04-18 22:59:56 +0000|
1591426953.093822|lic|lict 16576476-chre8b5a37ede5b-d738b02e1f|
1591426954.884342|lic|newest date 2018-04-18 22:59:56 +0000|
1591426954.884365|lic|lict 16576476-chre8b5a37ede5b-d738b02e1f|
1591426957.349521|TB|Force show Touch Bar|
1591426957.516069|SEC|SecureInputDisabled com.apple.loginwindow|
1591426958.151643|short|eventtap success|
1591427038.987619|SYS|USB DEVICE DISCONNECTED|
1591427041.688588|M|mt_stop2|
1591427041.691076|M|unregister internal trackpad|
1591427041.691757|M|register internal trackpad 0x0300000014400000,0x65|
1591427041.733813|STDEV|65|
1591427550.549147|lic|newest date 2018-04-18 22:59:56 +0000|
1591427550.549176|lic|lict 16576476-chre8b5a37ede5b-d738b02e1f|
1591428701.840392|SWI|PID MISMATCH FIX|
1591429187.641579|SWI|PID MISMATCH FIX|
1591429409.635428|SWI|PID MISMATCH FIX|
1591429933.825659|SWI|PID MISMATCH FIX|
1591430082.392655|SWI|PID MISMATCH FIX|
1591430127.695732|SWI|PID MISMATCH FIX|
1591430189.604685|SWI|PID MISMATCH FIX|
1591430210.157199|SWI|PID MISMATCH FIX|
1591430235.579319|SWI|PID MISMATCH FIX|
1591430409.675388|SWI|PID MISMATCH FIX|
1591430583.665641|SWI|PID MISMATCH FIX|
1591430954.080691|SWI|PID MISMATCH FIX|
1591431399.614782|SWI|PID MISMATCH FIX|
1591431441.268429|SEC|SecureInputActive com.google.Chrome 1452|
1591431455.646406|SEC|SecureInputDisabled com.google.Chrome|
1591433606.076590|SWI|PID MISMATCH FIX|
1591433925.589597|SWI|PID MISMATCH FIX|
1591434823.675978|SWI|PID MISMATCH FIX|
1591437227.638733|SWI|PID MISMATCH FIX|
1591439197.410441|SWI|PID MISMATCH FIX|
1591440591.534359|SWI|PID MISMATCH FIX|
1591451464.670680|TB|Force show Touch Bar|
1591451505.841667|SLEEP|WILLSLEEP|
1591451534.188776|lic|newest date 2018-04-18 22:59:56 +0000|
1591451534.188800|lic|lict 16576476-chre8b5a37ede5b-d738b02e1f|
1591452363.369022|WAKE|DIDWAKE|
1591452363.469769|SEC|SecureInputActive com.apple.loginwindow 255|
1591452364.530702|WAKE|DIDWAKE2|
1591452364.532186|WAKE|NO RESTART|
1591452364.532232|WAKE|EVENTHANDLER RESET|
1591452364.533800|M|mt_stop2|
1591452364.542424|lic|newest date 2018-04-18 22:59:56 +0000|
1591452364.542443|lic|lict 16576476-chre8b5a37ede5b-d738b02e1f|
1591452364.549912|SLEEP|FORCESHOWAFTERSESSIONBEGIN|
1591452364.549937|TB|Force show Touch Bar|
1591452364.551231|M|unregister internal trackpad|
1591452364.552204|M|register internal trackpad 0x0300000014400000,0x65|
1591452364.597652|STDEV|65|
1591452364.851976|LOGIN|SHOULD RESTART AFTER APP CHANGE|
1591452364.852012|TB|Force show Touch Bar|
1591452364.897231|SEC|SecureInputDisabled com.apple.loginwindow|
1591452365.637099|short|eventtap success|
1591452376.654397|lic|newest date 2018-04-18 22:59:56 +0000|
1591452376.654441|lic|lict 16576476-chre8b5a37ede5b-d738b02e1f|
1591453870.683309|SEC|SecureInputActive com.google.Chrome 1452|
1591453876.682483|SEC|SecureInputDisabled com.google.Chrome|
1591454219.010676|SWI|PID MISMATCH FIX|
1591454898.848409|SWI|PID MISMATCH FIX|
1591454999.502088|SEC|SecureInputActive com.google.Chrome 1452|
1591455001.652406|SEC|SecureInputDisabled com.google.Chrome|
1591455302.727450|SWI|PID MISMATCH FIX|
1591455334.778722|SWI|PID MISMATCH FIX|
1591455421.641863|SEC|SecureInputActive com.google.Chrome 1452|
1591455425.636693|SEC|SecureInputDisabled com.google.Chrome|
1591455428.693690|SEC|SecureInputActive com.google.Chrome 1452|
1591455434.653815|SEC|SecureInputDisabled com.google.Chrome|
1591455992.656226|SWI|PID MISMATCH FIX|
1591460081.144013|ASL|reenabled|
1591464420.001507|SLEEP|WILLSLEEP|
1591464421.001027|WAKE|DIDWAKE|
1591464421.004749|LOGIN|SHOULD RESTART AFTER APP CHANGE|
1591464421.004780|TB|Force show Touch Bar|
1591464421.648781|WAKE|DIDWAKE2|
1591464421.648900|WAKE|NO RESTART|
1591464421.648916|WAKE|EVENTHANDLER RESET|
1591464421.714929|M|mt_stop2|
1591464421.765297|lic|newest date 2018-04-18 22:59:56 +0000|
1591464421.765324|lic|lict 16576476-chre8b5a37ede5b-d738b02e1f|
1591464421.769878|SLEEP|FORCESHOWAFTERSESSIONBEGIN|
1591464421.769906|TB|Force show Touch Bar|
1591464421.771380|M|unregister internal trackpad|
1591464421.772220|M|register internal trackpad 0x0300000014400000,0x65|
1591464421.783253|STDEV|65|
1591464424.484550|SEC|SecureInputActive com.apple.loginwindow 255|
1591464466.016078|SLEEP|WILLSLEEP|
1591464497.152302|lic|newest date 2018-04-18 22:59:56 +0000|
1591464497.152334|lic|lict 16576476-chre8b5a37ede5b-d738b02e1f|
1591466806.647332|WAKE|DIDWAKE|
1591466806.714073|WAKE|DIDWAKE2|
1591466806.714173|WAKE|NO RESTART|
1591466806.714237|WAKE|EVENTHANDLER RESET|
1591466806.715693|M|mt_stop2|
1591466806.802771|lic|newest date 2018-04-18 22:59:56 +0000|
1591466806.802793|lic|lict 16576476-chre8b5a37ede5b-d738b02e1f|
1591466806.805933|SLEEP|FORCESHOWAFTERSESSIONBEGIN|
1591466806.805962|TB|Force show Touch Bar|
1591466806.807513|M|unregister internal trackpad|
1591466806.808612|M|register internal trackpad 0x0300000014400000,0x65|
1591466808.047857|LAUNCH|DIDLaunch START NSConcreteNotification 0x600002e9eb50 {name = NSApplicationDidFinishLaunchingNotification; object = <BTTApplication: 0x6000017a8210>; userInfo = {
    NSApplicationLaunchIsDefaultLaunchKey = 1;
}}|
1591466808.088252|SYS|Running on macOS: 10.15.4|
1591466808.088283|SYS|BTT Version: 3.373|
1591466808.088323|SYS|Device: MacBookPro11,3|
1591466808.344230|usage|loading todays usage|
1591466808.363339|short|init|
1591466808.419734|STORE|The store already exists in udefs|
1591466808.419880|xw|the new store already exists btt_data_store.version_3_373_build_1597|
1591466808.435253|migrate|fixing uuids2|
1591466808.439528|LIC|idate 2016-01-24 12:51:40 +0000|
1591466808.448434|LIC|closing previous instance of BetterTouchTool relaunch|
1591466808.457409|LIC|license appears to be valid|
1591466808.458787|LIC|license dictionary {
    CheckoutName = "Michael Scherer";
    Email = "spam-blocker@gmx.net";
    LicenseType = "paddle_lifetime";
    Licenses = 1;
    Name = "Michael Scherer";
    OrderID = b22c945b76473aff2d59feea1bd141aa;
    Product = BetterTouchTool;
    Signature = {length = 128, bytes = 0xb740ade0 58fb5aa0 7c34d5b7 28cfa69b ... e80c9f54 67253091 };
    Timestamp = 1524092396;
    TransactionID = "16576476-chre8b5a37ede5b-d738b02e1f";
}|
1591466808.458867|LIC|systemdate 2018-04-18 22:59:56 +0000|
1591466808.458882|LIC|using date 1524092396|
1591466808.460251|LIC|license appears to be valid|
1591466808.461464|LIC|license dictionary {
    CheckoutName = "Michael Scherer";
    Email = "spam-blocker@gmx.net";
    LicenseType = "paddle_lifetime";
    Licenses = 1;
    Name = "Michael Scherer";
    OrderID = b22c945b76473aff2d59feea1bd141aa;
    Product = BetterTouchTool;
    Signature = {length = 128, bytes = 0xb740ade0 58fb5aa0 7c34d5b7 28cfa69b ... e80c9f54 67253091 };
    Timestamp = 1524092396;
    TransactionID = "16576476-chre8b5a37ede5b-d738b02e1f";
}|
1591466808.461542|LIC|systemdate 2018-04-18 22:59:56 +0000|
1591466808.461576|lic|newest date 2018-04-18 22:59:56 +0000|
1591466808.461591|lic|lict 16576476-chre8b5a37ede5b-d738b02e1f|
1591466808.466935|lic|newest date 2018-04-18 22:59:56 +0000|
1591466808.466962|lic|lict 16576476-chre8b5a37ede5b-d738b02e1f|
1591466808.467171|LIC|License is valid for this version|
1591466808.510743|lic|newest date 2018-04-18 22:59:56 +0000|
1591466808.510763|lic|lict 16576476-chre8b5a37ede5b-d738b02e1f|
1591466808.591193|PERM|Can record screen 1|
1591466808.591359|xw|is trusted|
1591466808.627200|short|call sharedInstance4|
1591466808.721069|TB|touchbar screen size {1085, 30}|
1591466808.725395|M|mt_stop10|
1591466810.007397|lic|newest date 2018-04-18 22:59:56 +0000|
1591466810.007437|lic|lict 16576476-chre8b5a37ede5b-d738b02e1f|
1591466810.010594|START|TB VISIBLE 0|
1591466810.010634|START|TB FORCED HIDDEN 0|
1591466810.028362|lic|newest date 2018-04-18 22:59:56 +0000|
1591466810.028384|lic|lict 16576476-chre8b5a37ede5b-d738b02e1f|
1591466810.031856|LAUNCH|DIDLaunch END frontmostApp: com.microsoft.VSCode, touchpadMode 0, windowSnappingDisabled 0, singleFingerScrollingDisabled 0, mmScrollingUsed 0, tpScrollingUsed 0, tpPinchUsed 0, tpRotateUsed 0|
1591466810.085461|script|init|
1591466810.085525|NAMED|jstest|
1591466810.098090|lic|newest date 2018-04-18 22:59:56 +0000|
1591466810.098108|lic|lict 16576476-chre8b5a37ede5b-d738b02e1f|
1591466810.113722|SLEEP|FORCESHOWAFTERSLEEP2|
1591466810.113749|TB|Force show Touch Bar|
1591466810.115091|M|register internal trackpad 0x0300000014400000,0x65|
1591466810.125603|STDEV|65|
1591466810.132044|short|eventtap success|
1591466811.090765|M|mt_stop2|
1591466811.091226|TB|PresentationMode appWithControlStrip (null)|
1591466811.369600|ASL|Bonjour Service Published: domain(local.) type(_bttremote._tcp.) name(intrepid) port(59176)|
1591466811.547381|SLEEP|FORCESHOWAFTERSLEEP3B|
1591466811.547411|TB|Force show Touch Bar|
1591466811.548963|M|unregister internal trackpad|
1591466811.550048|M|register internal trackpad 0x0300000014400000,0x65|
1591466811.561228|STDEV|65|
1591466813.999311|lic|newest date 2018-04-18 22:59:56 +0000|
1591466813.999337|lic|lict 16576476-chre8b5a37ede5b-d738b02e1f|
1591466815.951628|lic|newest date 2018-04-18 22:59:56 +0000|
1591466815.951649|lic|lict 16576476-chre8b5a37ede5b-d738b02e1f|
1591466898.323116|SYS|USB DEVICE DISCONNECTED|
1591466901.066576|M|mt_stop2|
1591466901.068486|M|unregister internal trackpad|
1591466901.069149|M|register internal trackpad 0x0300000014400000,0x65|
1591466901.111920|STDEV|65|
1591467410.119345|lic|newest date 2018-04-18 22:59:56 +0000|
1591467410.119364|lic|lict 16576476-chre8b5a37ede5b-d738b02e1f|
1591480850.892218|usage|loading todays usage|
1591483899.567141|xw|shell script contains error and crashes BTT|
1591483899.584449|xw|interrupt reply|
1591483915.632844|xw|apple script contains error and crashes BTT|
1591483915.675235|xw|interrupt reply|
1591484956.641216|SLEEP|WILLSLEEP|
1591484957.875979|SWI|PID MISMATCH FIX|
1591484960.197068|SWI|PID MISMATCH FIX|
1591484962.784409|SWI|PID MISMATCH FIX|
1591484964.285895|SWI|PID MISMATCH FIX|
1591484966.787506|SWI|PID MISMATCH FIX|
1591484968.383433|SWI|PID MISMATCH FIX|
1591484970.287742|SWI|PID MISMATCH FIX|
1591484972.785236|SWI|PID MISMATCH FIX|
1591484974.783987|SWI|PID MISMATCH FIX|
1591484976.274834|SWI|PID MISMATCH FIX|
1591492178.001736|SWI|PID MISMATCH FIX|
1591492179.508187|SWI|PID MISMATCH FIX|
1591492180.614604|LAUNCH|DIDLaunch START NSConcreteNotification 0x6000023e7630 {name = NSApplicationDidFinishLaunchingNotification; object = <BTTApplication: 0x600001aa4000>; userInfo = {
    NSApplicationLaunchIsDefaultLaunchKey = 1;
}}|
1591492180.657959|SYS|Running on macOS: 10.15.4|
1591492180.657984|SYS|BTT Version: 3.373|
1591492180.658013|SYS|Device: MacBookPro11,3|
1591492180.938120|usage|loading todays usage|
1591492180.955918|short|init|
1591492181.018414|STORE|The store already exists in udefs|
1591492181.018563|xw|the new store already exists btt_data_store.version_3_373_build_1597|
1591492181.041191|migrate|fixing uuids2|
1591492181.047969|LIC|idate 2016-01-24 12:51:40 +0000|
1591492181.060691|LIC|closing previous instance of BetterTouchTool relaunch|
1591492181.070712|LIC|license appears to be valid|
1591492181.072325|LIC|license dictionary {
    CheckoutName = "Michael Scherer";
    Email = "spam-blocker@gmx.net";
    LicenseType = "paddle_lifetime";
    Licenses = 1;
    Name = "Michael Scherer";
    OrderID = b22c945b76473aff2d59feea1bd141aa;
    Product = BetterTouchTool;
    Signature = {length = 128, bytes = 0xb740ade0 58fb5aa0 7c34d5b7 28cfa69b ... e80c9f54 67253091 };
    Timestamp = 1524092396;
    TransactionID = "16576476-chre8b5a37ede5b-d738b02e1f";
}|
1591492181.072419|LIC|systemdate 2018-04-18 22:59:56 +0000|
1591492181.072438|LIC|using date 1524092396|
1591492181.074262|LIC|license appears to be valid|
1591492181.075850|LIC|license dictionary {
    CheckoutName = "Michael Scherer";
    Email = "spam-blocker@gmx.net";
    LicenseType = "paddle_lifetime";
    Licenses = 1;
    Name = "Michael Scherer";
    OrderID = b22c945b76473aff2d59feea1bd141aa;
    Product = BetterTouchTool;
    Signature = {length = 128, bytes = 0xb740ade0 58fb5aa0 7c34d5b7 28cfa69b ... e80c9f54 67253091 };
    Timestamp = 1524092396;
    TransactionID = "16576476-chre8b5a37ede5b-d738b02e1f";
}|
1591492181.075963|LIC|systemdate 2018-04-18 22:59:56 +0000|
1591492181.076015|lic|newest date 2018-04-18 22:59:56 +0000|
1591492181.076054|lic|lict 16576476-chre8b5a37ede5b-d738b02e1f|
1591492181.082740|lic|newest date 2018-04-18 22:59:56 +0000|
1591492181.082826|lic|lict 16576476-chre8b5a37ede5b-d738b02e1f|
1591492181.083118|LIC|License is valid for this version|
1591492181.095059|lic|newest date 2018-04-18 22:59:56 +0000|
1591492181.095092|lic|lict 16576476-chre8b5a37ede5b-d738b02e1f|
1591492181.229874|PERM|Can record screen 1|
1591492181.230056|xw|is trusted|
1591492181.276149|short|call sharedInstance4|
1591492181.389741|TB|touchbar screen size {1085, 30}|
1591492181.394589|M|mt_stop10|
1591492182.769909|lic|newest date 2018-04-18 22:59:56 +0000|
1591492182.769952|lic|lict 16576476-chre8b5a37ede5b-d738b02e1f|
1591492182.774574|START|TB VISIBLE 0|
1591492182.774612|START|TB FORCED HIDDEN 0|
1591492183.119381|lic|newest date 2018-04-18 22:59:56 +0000|
1591492183.119409|lic|lict 16576476-chre8b5a37ede5b-d738b02e1f|
1591492183.123458|LAUNCH|DIDLaunch END frontmostApp: com.apple.loginwindow, touchpadMode 0, windowSnappingDisabled 0, singleFingerScrollingDisabled 0, mmScrollingUsed 0, tpScrollingUsed 0, tpPinchUsed 0, tpRotateUsed 0|
1591492183.172318|script|init|
1591492183.172385|NAMED|jstest|
1591492183.185110|lic|newest date 2018-04-18 22:59:56 +0000|
1591492183.185132|lic|lict 16576476-chre8b5a37ede5b-d738b02e1f|
1591492183.203793|SLEEP|FORCESHOWAFTERSLEEP2|
1591492183.203823|TB|Force show Touch Bar|
1591492183.204997|M|register internal trackpad 0x0300000014400000,0x65|
1591492183.251413|STDEV|65|
1591492183.258790|short|eventtap success|
1591511405.817515|LAUNCH|DIDLaunch START NSConcreteNotification 0x60000160e130 {name = NSApplicationDidFinishLaunchingNotification; object = <BTTApplication: 0x600002f48210>; userInfo = {
    NSApplicationLaunchIsDefaultLaunchKey = 1;
}}|
1591511405.881977|SYS|Running on macOS: 10.15.4|
1591511405.882010|SYS|BTT Version: 3.373|
1591511405.882052|SYS|Device: MacBookPro11,3|
1591511406.005318|usage|loading todays usage|
1591511406.033679|short|init|
1591511406.119255|STORE|The store already exists in udefs|
1591511406.119379|xw|the new store already exists btt_data_store.version_3_373_build_1597|
1591511406.149694|migrate|fixing uuids2|
1591511406.154940|LIC|idate 2016-01-24 12:51:40 +0000|
1591511406.164298|LIC|closing previous instance of BetterTouchTool relaunch|
1591511406.174077|LIC|license appears to be valid|
1591511406.175482|LIC|license dictionary {
    CheckoutName = "Michael Scherer";
    Email = "spam-blocker@gmx.net";
    LicenseType = "paddle_lifetime";
    Licenses = 1;
    Name = "Michael Scherer";
    OrderID = b22c945b76473aff2d59feea1bd141aa;
    Product = BetterTouchTool;
    Signature = {length = 128, bytes = 0xb740ade0 58fb5aa0 7c34d5b7 28cfa69b ... e80c9f54 67253091 };
    Timestamp = 1524092396;
    TransactionID = "16576476-chre8b5a37ede5b-d738b02e1f";
}|
1591511406.175570|LIC|systemdate 2018-04-18 22:59:56 +0000|
1591511406.175585|LIC|using date 1524092396|
1591511406.176947|LIC|license appears to be valid|
1591511406.178018|LIC|license dictionary {
    CheckoutName = "Michael Scherer";
    Email = "spam-blocker@gmx.net";
    LicenseType = "paddle_lifetime";
    Licenses = 1;
    Name = "Michael Scherer";
    OrderID = b22c945b76473aff2d59feea1bd141aa;
    Product = BetterTouchTool;
    Signature = {length = 128, bytes = 0xb740ade0 58fb5aa0 7c34d5b7 28cfa69b ... e80c9f54 67253091 };
    Timestamp = 1524092396;
    TransactionID = "16576476-chre8b5a37ede5b-d738b02e1f";
}|
1591511406.178076|LIC|systemdate 2018-04-18 22:59:56 +0000|
1591511406.178093|lic|newest date 2018-04-18 22:59:56 +0000|
1591511406.178100|lic|lict 16576476-chre8b5a37ede5b-d738b02e1f|
1591511406.184133|lic|newest date 2018-04-18 22:59:56 +0000|
1591511406.184172|lic|lict 16576476-chre8b5a37ede5b-d738b02e1f|
1591511406.184382|LIC|License is valid for this version|
1591511406.192800|lic|newest date 2018-04-18 22:59:56 +0000|
1591511406.192826|lic|lict 16576476-chre8b5a37ede5b-d738b02e1f|
1591511406.290919|PERM|Can record screen 1|
1591511406.291172|xw|is trusted|
1591511406.327909|short|call sharedInstance4|
1591511406.418406|TB|touchbar screen size {1085, 30}|
1591511406.422479|M|mt_stop10|
1591511409.827565|lic|newest date 2018-04-18 22:59:56 +0000|
1591511409.827595|lic|lict 16576476-chre8b5a37ede5b-d738b02e1f|
1591511409.920727|START|TB VISIBLE 0|
1591511409.920763|START|TB FORCED HIDDEN 0|
1591511409.941128|lic|newest date 2018-04-18 22:59:56 +0000|
1591511409.941151|lic|lict 16576476-chre8b5a37ede5b-d738b02e1f|
1591511409.946471|LAUNCH|DIDLaunch END frontmostApp: com.apple.loginwindow, touchpadMode 0, windowSnappingDisabled 0, singleFingerScrollingDisabled 0, mmScrollingUsed 0, tpScrollingUsed 0, tpPinchUsed 0, tpRotateUsed 0|
1591511410.033446|script|init|
1591511410.033617|NAMED|jstest|
1591511410.048307|lic|newest date 2018-04-18 22:59:56 +0000|
1591511410.048326|lic|lict 16576476-chre8b5a37ede5b-d738b02e1f|
1591511410.085437|SLEEP|FORCESHOWAFTERSLEEP2|
1591511410.085470|TB|Force show Touch Bar|
1591511410.087049|M|register internal trackpad 0x0300000014400000,0x65|
1591511410.133569|STDEV|65|
1591511410.150615|short|eventtap success|
1591511413.673115|M|mt_stop2|
1591511413.674480|TB|PresentationMode appWithControlStrip (null)|
1591511415.474970|ASL|Bonjour Service Published: domain(local.) type(_bttremote._tcp.) name(intrepid) port(59176)|
1591511416.179505|M|unregister internal trackpad|
1591511416.182535|M|register internal trackpad 0x0300000014400000,0x65|
1591511416.183619|SLEEP|FORCESHOWAFTERSLEEP3B|
1591511416.183733|TB|Force show Touch Bar|
1591511416.231452|STDEV|65|
1591511416.572721|xw|disabling touch for internal trackpad (clamshell)|
1591517947.001541|SYS|USB DEVICE DISCONNECTED|
1591517947.308897|SYS|USB DEVICE CONNECTED|
1591517947.308971|SYS|USB Connect Count 2|
1591517949.706163|M|mt_stop2|
1591517949.708759|M|unregister internal trackpad|
1591517949.710084|M|register internal trackpad 0x0300000014400000,0x65|
1591517949.721144|STDEV|65|
1591517949.741444|TB|Force show Touch Bar|
1591517949.988516|M|mt_stop2|
1591517949.990319|M|unregister internal trackpad|
1591517949.991450|M|register internal trackpad 0x0300000014400000,0x65|
1591517950.002073|STDEV|65|
1591517951.907223|xw|enabling touch for internal trackpad (after clamshell)|
1591517952.180654|M|mt_stop2|
1591517952.182959|M|unregister internal trackpad|
1591517952.183963|M|register internal trackpad 0x0300000014400000,0x65|
1591517952.195326|STDEV|65|
1591517954.359999|lic|newest date 2018-04-18 22:59:56 +0000|
1591517954.360021|lic|lict 16576476-chre8b5a37ede5b-d738b02e1f|
1591517954.396187|M|mt_stop2|
1591517954.397922|M|unregister internal trackpad|
1591517954.398846|M|register internal trackpad 0x0300000014400000,0x65|
1591517954.409922|STDEV|65|
1591517956.653780|lic|newest date 2018-04-18 22:59:56 +0000|
1591517956.653803|lic|lict 16576476-chre8b5a37ede5b-d738b02e1f|
1591517961.450218|M|mt_stop2|
1591517961.452806|M|unregister internal trackpad|
1591517961.453577|M|register internal trackpad 0x0300000014400000,0x65|
1591517961.464155|STDEV|65|
1591518039.360680|SYS|USB DEVICE DISCONNECTED|
1591518042.006370|M|mt_stop2|
1591518042.008265|M|unregister internal trackpad|
1591518042.009067|M|register internal trackpad 0x0300000014400000,0x65|
1591518042.021101|STDEV|65|
1591518180.154337|SEC|SecureInputActive com.google.Chrome 1452|
1591518182.771018|SEC|SecureInputDisabled com.google.Chrome|
1591518188.660202|SEC|SecureInputActive com.google.Chrome 1452|
1591518193.154808|SEC|SecureInputDisabled com.google.Chrome|
1591518513.658498|lic|newest date 2018-04-18 22:59:56 +0000|
1591518513.658521|lic|lict 16576476-chre8b5a37ede5b-d738b02e1f|
1591525249.261205|TB|Force show Touch Bar|
